{"/Users/Julian/stack/Studie/ICT/Jaar2/Blok_4-DWA_Project/feb2019-project-armadillo/postit-server/app.js": {"path":"/Users/Julian/stack/Studie/ICT/Jaar2/Blok_4-DWA_Project/feb2019-project-armadillo/postit-server/app.js","statementMap":{"0":{"start":{"line":1,"column":16},"end":{"line":1,"column":34}},"1":{"start":{"line":2,"column":19},"end":{"line":2,"column":41}},"2":{"start":{"line":3,"column":13},"end":{"line":3,"column":28}},"3":{"start":{"line":5,"column":15},"end":{"line":5,"column":49}},"4":{"start":{"line":6,"column":14},"end":{"line":6,"column":40}},"5":{"start":{"line":7,"column":27},"end":{"line":7,"column":65}},"6":{"start":{"line":8,"column":21},"end":{"line":8,"column":53}},"7":{"start":{"line":9,"column":12},"end":{"line":9,"column":21}},"8":{"start":{"line":12,"column":4},"end":{"line":12,"column":55}},"9":{"start":{"line":13,"column":4},"end":{"line":13,"column":31}},"10":{"start":{"line":15,"column":4},"end":{"line":15,"column":27}},"11":{"start":{"line":17,"column":4},"end":{"line":17,"column":33}},"12":{"start":{"line":19,"column":4},"end":{"line":19,"column":50}},"13":{"start":{"line":21,"column":4},"end":{"line":21,"column":48}},"14":{"start":{"line":23,"column":4},"end":{"line":23,"column":58}},"15":{"start":{"line":24,"column":4},"end":{"line":24,"column":56}},"16":{"start":{"line":26,"column":4},"end":{"line":26,"column":65}},"17":{"start":{"line":27,"column":4},"end":{"line":27,"column":63}},"18":{"start":{"line":29,"column":4},"end":{"line":29,"column":101}},"19":{"start":{"line":30,"column":4},"end":{"line":30,"column":79}},"20":{"start":{"line":31,"column":4},"end":{"line":31,"column":75}},"21":{"start":{"line":33,"column":4},"end":{"line":33,"column":37}},"22":{"start":{"line":35,"column":4},"end":{"line":43,"column":7}},"23":{"start":{"line":36,"column":26},"end":{"line":36,"column":51}},"24":{"start":{"line":38,"column":8},"end":{"line":42,"column":9}},"25":{"start":{"line":39,"column":12},"end":{"line":39,"column":93}},"26":{"start":{"line":41,"column":12},"end":{"line":41,"column":19}},"27":{"start":{"line":45,"column":4},"end":{"line":53,"column":7}},"28":{"start":{"line":46,"column":26},"end":{"line":46,"column":51}},"29":{"start":{"line":48,"column":8},"end":{"line":52,"column":9}},"30":{"start":{"line":49,"column":12},"end":{"line":49,"column":67}},"31":{"start":{"line":51,"column":12},"end":{"line":51,"column":19}},"32":{"start":{"line":55,"column":4},"end":{"line":63,"column":7}},"33":{"start":{"line":56,"column":26},"end":{"line":56,"column":51}},"34":{"start":{"line":58,"column":8},"end":{"line":62,"column":9}},"35":{"start":{"line":59,"column":12},"end":{"line":59,"column":36}},"36":{"start":{"line":61,"column":12},"end":{"line":61,"column":66}},"37":{"start":{"line":65,"column":4},"end":{"line":75,"column":7}},"38":{"start":{"line":66,"column":8},"end":{"line":74,"column":9}},"39":{"start":{"line":66,"column":24},"end":{"line":70,"column":11}},"40":{"start":{"line":72,"column":12},"end":{"line":72,"column":81}},"41":{"start":{"line":73,"column":12},"end":{"line":73,"column":97}},"42":{"start":{"line":77,"column":4},"end":{"line":77,"column":15}},"43":{"start":{"line":80,"column":0},"end":{"line":80,"column":33}}},"fnMap":{"0":{"name":"initApp","decl":{"start":{"line":11,"column":9},"end":{"line":11,"column":16}},"loc":{"start":{"line":11,"column":32},"end":{"line":78,"column":1}},"line":11},"1":{"name":"(anonymous_1)","decl":{"start":{"line":35,"column":47},"end":{"line":35,"column":48}},"loc":{"start":{"line":35,"column":67},"end":{"line":43,"column":5}},"line":35},"2":{"name":"(anonymous_2)","decl":{"start":{"line":45,"column":34},"end":{"line":45,"column":35}},"loc":{"start":{"line":45,"column":54},"end":{"line":53,"column":5}},"line":45},"3":{"name":"(anonymous_3)","decl":{"start":{"line":55,"column":17},"end":{"line":55,"column":18}},"loc":{"start":{"line":55,"column":31},"end":{"line":63,"column":5}},"line":55},"4":{"name":"(anonymous_4)","decl":{"start":{"line":65,"column":12},"end":{"line":65,"column":13}},"loc":{"start":{"line":65,"column":37},"end":{"line":75,"column":5}},"line":65}},"branchMap":{"0":{"loc":{"start":{"line":38,"column":8},"end":{"line":42,"column":9}},"type":"if","locations":[{"start":{"line":38,"column":8},"end":{"line":42,"column":9}},{"start":{"line":38,"column":8},"end":{"line":42,"column":9}}],"line":38},"1":{"loc":{"start":{"line":48,"column":8},"end":{"line":52,"column":9}},"type":"if","locations":[{"start":{"line":48,"column":8},"end":{"line":52,"column":9}},{"start":{"line":48,"column":8},"end":{"line":52,"column":9}}],"line":48},"2":{"loc":{"start":{"line":58,"column":8},"end":{"line":62,"column":9}},"type":"if","locations":[{"start":{"line":58,"column":8},"end":{"line":62,"column":9}},{"start":{"line":58,"column":8},"end":{"line":62,"column":9}}],"line":58},"3":{"loc":{"start":{"line":66,"column":8},"end":{"line":74,"column":9}},"type":"if","locations":[{"start":{"line":66,"column":8},"end":{"line":74,"column":9}},{"start":{"line":66,"column":8},"end":{"line":74,"column":9}}],"line":66},"4":{"loc":{"start":{"line":68,"column":38},"end":{"line":68,"column":92}},"type":"cond-expr","locations":[{"start":{"line":68,"column":55},"end":{"line":68,"column":85}},{"start":{"line":68,"column":88},"end":{"line":68,"column":92}}],"line":68},"5":{"loc":{"start":{"line":69,"column":18},"end":{"line":69,"column":114}},"type":"cond-expr","locations":[{"start":{"line":69,"column":49},"end":{"line":69,"column":107}},{"start":{"line":69,"column":110},"end":{"line":69,"column":114}}],"line":69}},"s":{"0":4,"1":4,"2":4,"3":4,"4":4,"5":4,"6":4,"7":4,"8":4,"9":4,"10":4,"11":4,"12":4,"13":4,"14":4,"15":4,"16":4,"17":4,"18":4,"19":4,"20":4,"21":4,"22":4,"23":0,"24":0,"25":0,"26":0,"27":4,"28":0,"29":0,"30":0,"31":0,"32":4,"33":0,"34":0,"35":0,"36":0,"37":4,"38":22,"39":22,"40":0,"41":0,"42":4,"43":4},"f":{"0":4,"1":0,"2":0,"3":0,"4":22},"b":{"0":[0,0],"1":[0,0],"2":[0,0],"3":[22,0],"4":[3,19],"5":[2,20]},"_coverageSchema":"43e27e138ebf9cfc5966b082cf9a028302ed4184","hash":"761e547874ce3ffd3b9465ed612a0e84145d5465"}
,"/Users/Julian/stack/Studie/ICT/Jaar2/Blok_4-DWA_Project/feb2019-project-armadillo/postit-server/errors/httpError.js": {"path":"/Users/Julian/stack/Studie/ICT/Jaar2/Blok_4-DWA_Project/feb2019-project-armadillo/postit-server/errors/httpError.js","statementMap":{"0":{"start":{"line":1,"column":0},"end":{"line":7,"column":1}},"1":{"start":{"line":3,"column":8},"end":{"line":3,"column":23}},"2":{"start":{"line":4,"column":8},"end":{"line":4,"column":25}},"3":{"start":{"line":5,"column":8},"end":{"line":5,"column":29}}},"fnMap":{"0":{"name":"(anonymous_0)","decl":{"start":{"line":2,"column":4},"end":{"line":2,"column":5}},"loc":{"start":{"line":2,"column":45},"end":{"line":6,"column":5}},"line":2}},"branchMap":{"0":{"loc":{"start":{"line":2,"column":31},"end":{"line":2,"column":43}},"type":"default-arg","locations":[{"start":{"line":2,"column":40},"end":{"line":2,"column":43}}],"line":2}},"s":{"0":8,"1":42,"2":42,"3":42},"f":{"0":42},"b":{"0":[0]},"_coverageSchema":"43e27e138ebf9cfc5966b082cf9a028302ed4184","hash":"9c7caa3f304fcc6073db8bb19c6068d827704bdc"}
,"/Users/Julian/stack/Studie/ICT/Jaar2/Blok_4-DWA_Project/feb2019-project-armadillo/postit-server/helpers/definitions.js": {"path":"/Users/Julian/stack/Studie/ICT/Jaar2/Blok_4-DWA_Project/feb2019-project-armadillo/postit-server/helpers/definitions.js","statementMap":{"0":{"start":{"line":1,"column":0},"end":{"line":4,"column":1}},"1":{"start":{"line":6,"column":0},"end":{"line":9,"column":1}}},"fnMap":{},"branchMap":{},"s":{"0":5,"1":5},"f":{},"b":{},"_coverageSchema":"43e27e138ebf9cfc5966b082cf9a028302ed4184","hash":"6d5edda071f9265b13507855a9386d45eb885da7"}
,"/Users/Julian/stack/Studie/ICT/Jaar2/Blok_4-DWA_Project/feb2019-project-armadillo/postit-server/helpers/functions.js": {"path":"/Users/Julian/stack/Studie/ICT/Jaar2/Blok_4-DWA_Project/feb2019-project-armadillo/postit-server/helpers/functions.js","statementMap":{"0":{"start":{"line":1,"column":0},"end":{"line":3,"column":1}},"1":{"start":{"line":2,"column":4},"end":{"line":2,"column":59}}},"fnMap":{"0":{"name":"(anonymous_0)","decl":{"start":{"line":1,"column":39},"end":{"line":1,"column":40}},"loc":{"start":{"line":1,"column":49},"end":{"line":3,"column":1}},"line":1}},"branchMap":{},"s":{"0":4,"1":0},"f":{"0":0},"b":{},"_coverageSchema":"43e27e138ebf9cfc5966b082cf9a028302ed4184","hash":"5ac28d6bd06c4053d8815cfc01dc103192402dd5"}
,"/Users/Julian/stack/Studie/ICT/Jaar2/Blok_4-DWA_Project/feb2019-project-armadillo/postit-server/helpers/postit-logger.js": {"path":"/Users/Julian/stack/Studie/ICT/Jaar2/Blok_4-DWA_Project/feb2019-project-armadillo/postit-server/helpers/postit-logger.js","statementMap":{"0":{"start":{"line":1,"column":15},"end":{"line":1,"column":32}},"1":{"start":{"line":3,"column":22},"end":{"line":3,"column":32}},"2":{"start":{"line":4,"column":22},"end":{"line":4,"column":32}},"3":{"start":{"line":5,"column":20},"end":{"line":5,"column":30}},"4":{"start":{"line":6,"column":23},"end":{"line":6,"column":33}},"5":{"start":{"line":7,"column":24},"end":{"line":7,"column":34}},"6":{"start":{"line":8,"column":21},"end":{"line":8,"column":31}},"7":{"start":{"line":10,"column":0},"end":{"line":12,"column":1}},"8":{"start":{"line":11,"column":4},"end":{"line":11,"column":90}},"9":{"start":{"line":14,"column":0},"end":{"line":16,"column":1}},"10":{"start":{"line":15,"column":4},"end":{"line":15,"column":96}},"11":{"start":{"line":18,"column":0},"end":{"line":20,"column":1}},"12":{"start":{"line":19,"column":4},"end":{"line":19,"column":86}},"13":{"start":{"line":22,"column":0},"end":{"line":24,"column":1}},"14":{"start":{"line":23,"column":4},"end":{"line":23,"column":86}},"15":{"start":{"line":26,"column":0},"end":{"line":26,"column":122}},"16":{"start":{"line":29,"column":20},"end":{"line":29,"column":30}},"17":{"start":{"line":30,"column":4},"end":{"line":30,"column":89}}},"fnMap":{"0":{"name":"(anonymous_0)","decl":{"start":{"line":10,"column":22},"end":{"line":10,"column":23}},"loc":{"start":{"line":10,"column":33},"end":{"line":12,"column":1}},"line":10},"1":{"name":"(anonymous_1)","decl":{"start":{"line":14,"column":21},"end":{"line":14,"column":22}},"loc":{"start":{"line":14,"column":32},"end":{"line":16,"column":1}},"line":14},"2":{"name":"(anonymous_2)","decl":{"start":{"line":18,"column":23},"end":{"line":18,"column":24}},"loc":{"start":{"line":18,"column":34},"end":{"line":20,"column":1}},"line":18},"3":{"name":"(anonymous_3)","decl":{"start":{"line":22,"column":22},"end":{"line":22,"column":23}},"loc":{"start":{"line":22,"column":33},"end":{"line":24,"column":1}},"line":22},"4":{"name":"renderLoggingMessage","decl":{"start":{"line":28,"column":9},"end":{"line":28,"column":29}},"loc":{"start":{"line":28,"column":39},"end":{"line":31,"column":1}},"line":28}},"branchMap":{},"s":{"0":10,"1":10,"2":10,"3":10,"4":10,"5":10,"6":10,"7":10,"8":0,"9":10,"10":0,"11":10,"12":0,"13":10,"14":0,"15":10,"16":0,"17":0},"f":{"0":0,"1":0,"2":0,"3":0,"4":0},"b":{},"_coverageSchema":"43e27e138ebf9cfc5966b082cf9a028302ed4184","hash":"3278bf1e121d469c67f19b56aab0bf1dafd37f9c"}
,"/Users/Julian/stack/Studie/ICT/Jaar2/Blok_4-DWA_Project/feb2019-project-armadillo/postit-server/helpers/promiseWrappers.js": {"path":"/Users/Julian/stack/Studie/ICT/Jaar2/Blok_4-DWA_Project/feb2019-project-armadillo/postit-server/helpers/promiseWrappers.js","statementMap":{"0":{"start":{"line":1,"column":11},"end":{"line":1,"column":24}},"1":{"start":{"line":3,"column":0},"end":{"line":10,"column":1}},"2":{"start":{"line":4,"column":4},"end":{"line":9,"column":6}},"3":{"start":{"line":5,"column":8},"end":{"line":8,"column":10}},"4":{"start":{"line":6,"column":12},"end":{"line":6,"column":33}},"5":{"start":{"line":6,"column":21},"end":{"line":6,"column":33}},"6":{"start":{"line":7,"column":12},"end":{"line":7,"column":26}},"7":{"start":{"line":12,"column":0},"end":{"line":19,"column":1}},"8":{"start":{"line":13,"column":4},"end":{"line":18,"column":7}},"9":{"start":{"line":14,"column":8},"end":{"line":17,"column":11}},"10":{"start":{"line":15,"column":12},"end":{"line":15,"column":33}},"11":{"start":{"line":15,"column":21},"end":{"line":15,"column":33}},"12":{"start":{"line":16,"column":12},"end":{"line":16,"column":22}}},"fnMap":{"0":{"name":"(anonymous_0)","decl":{"start":{"line":3,"column":27},"end":{"line":3,"column":28}},"loc":{"start":{"line":3,"column":39},"end":{"line":10,"column":1}},"line":3},"1":{"name":"(anonymous_1)","decl":{"start":{"line":4,"column":23},"end":{"line":4,"column":24}},"loc":{"start":{"line":4,"column":44},"end":{"line":9,"column":5}},"line":4},"2":{"name":"(anonymous_2)","decl":{"start":{"line":5,"column":38},"end":{"line":5,"column":39}},"loc":{"start":{"line":5,"column":53},"end":{"line":8,"column":9}},"line":5},"3":{"name":"(anonymous_3)","decl":{"start":{"line":12,"column":25},"end":{"line":12,"column":26}},"loc":{"start":{"line":12,"column":37},"end":{"line":19,"column":1}},"line":12},"4":{"name":"(anonymous_4)","decl":{"start":{"line":13,"column":23},"end":{"line":13,"column":24}},"loc":{"start":{"line":13,"column":44},"end":{"line":18,"column":5}},"line":13},"5":{"name":"(anonymous_5)","decl":{"start":{"line":14,"column":36},"end":{"line":14,"column":37}},"loc":{"start":{"line":14,"column":45},"end":{"line":17,"column":9}},"line":14}},"branchMap":{"0":{"loc":{"start":{"line":6,"column":12},"end":{"line":6,"column":33}},"type":"if","locations":[{"start":{"line":6,"column":12},"end":{"line":6,"column":33}},{"start":{"line":6,"column":12},"end":{"line":6,"column":33}}],"line":6},"1":{"loc":{"start":{"line":15,"column":12},"end":{"line":15,"column":33}},"type":"if","locations":[{"start":{"line":15,"column":12},"end":{"line":15,"column":33}},{"start":{"line":15,"column":12},"end":{"line":15,"column":33}}],"line":15}},"s":{"0":9,"1":9,"2":11,"3":11,"4":11,"5":1,"6":11,"7":9,"8":0,"9":0,"10":0,"11":0,"12":0},"f":{"0":11,"1":11,"2":11,"3":0,"4":0,"5":0},"b":{"0":[1,10],"1":[0,0]},"_coverageSchema":"43e27e138ebf9cfc5966b082cf9a028302ed4184","hash":"6d074320a1337b97012416d8e5e7604db2dbfd21"}
,"/Users/Julian/stack/Studie/ICT/Jaar2/Blok_4-DWA_Project/feb2019-project-armadillo/postit-server/helpers/regex.js": {"path":"/Users/Julian/stack/Studie/ICT/Jaar2/Blok_4-DWA_Project/feb2019-project-armadillo/postit-server/helpers/regex.js","statementMap":{"0":{"start":{"line":1,"column":0},"end":{"line":6,"column":1}}},"fnMap":{},"branchMap":{},"s":{"0":7},"f":{},"b":{},"_coverageSchema":"43e27e138ebf9cfc5966b082cf9a028302ed4184","hash":"2f1304e9e732a8f95ab2795b3d7f9d67148a8410"}
,"/Users/Julian/stack/Studie/ICT/Jaar2/Blok_4-DWA_Project/feb2019-project-armadillo/postit-server/model/comment.js": {"path":"/Users/Julian/stack/Studie/ICT/Jaar2/Blok_4-DWA_Project/feb2019-project-armadillo/postit-server/model/comment.js","statementMap":{"0":{"start":{"line":1,"column":17},"end":{"line":1,"column":36}},"1":{"start":{"line":2,"column":15},"end":{"line":2,"column":30}},"2":{"start":{"line":4,"column":22},"end":{"line":37,"column":1}},"3":{"start":{"line":39,"column":0},"end":{"line":39,"column":31}},"4":{"start":{"line":40,"column":0},"end":{"line":40,"column":64}}},"fnMap":{},"branchMap":{},"s":{"0":8,"1":8,"2":8,"3":8,"4":8},"f":{},"b":{},"_coverageSchema":"43e27e138ebf9cfc5966b082cf9a028302ed4184","hash":"b8e747ff92a10514005a119e42843b6a3eb198ed"}
,"/Users/Julian/stack/Studie/ICT/Jaar2/Blok_4-DWA_Project/feb2019-project-armadillo/postit-server/model/employee.js": {"path":"/Users/Julian/stack/Studie/ICT/Jaar2/Blok_4-DWA_Project/feb2019-project-armadillo/postit-server/model/employee.js","statementMap":{"0":{"start":{"line":1,"column":17},"end":{"line":1,"column":36}},"1":{"start":{"line":3,"column":14},"end":{"line":3,"column":41}},"2":{"start":{"line":5,"column":23},"end":{"line":40,"column":1}},"3":{"start":{"line":41,"column":0},"end":{"line":41,"column":32}},"4":{"start":{"line":42,"column":0},"end":{"line":42,"column":66}}},"fnMap":{},"branchMap":{},"s":{"0":7,"1":7,"2":7,"3":7,"4":7},"f":{},"b":{},"_coverageSchema":"43e27e138ebf9cfc5966b082cf9a028302ed4184","hash":"bb39b52d49c50be6d41cd467e4fa00b381283835"}
,"/Users/Julian/stack/Studie/ICT/Jaar2/Blok_4-DWA_Project/feb2019-project-armadillo/postit-server/model/idea.js": {"path":"/Users/Julian/stack/Studie/ICT/Jaar2/Blok_4-DWA_Project/feb2019-project-armadillo/postit-server/model/idea.js","statementMap":{"0":{"start":{"line":1,"column":17},"end":{"line":1,"column":36}},"1":{"start":{"line":2,"column":15},"end":{"line":2,"column":30}},"2":{"start":{"line":4,"column":16},"end":{"line":4,"column":36}},"3":{"start":{"line":6,"column":19},"end":{"line":47,"column":1}},"4":{"start":{"line":49,"column":0},"end":{"line":49,"column":28}},"5":{"start":{"line":50,"column":0},"end":{"line":50,"column":58}}},"fnMap":{},"branchMap":{},"s":{"0":8,"1":8,"2":8,"3":8,"4":8,"5":8},"f":{},"b":{},"_coverageSchema":"43e27e138ebf9cfc5966b082cf9a028302ed4184","hash":"bad06c4fd8340004095333123332b1c9cf093f9d"}
,"/Users/Julian/stack/Studie/ICT/Jaar2/Blok_4-DWA_Project/feb2019-project-armadillo/postit-server/model/organisation.js": {"path":"/Users/Julian/stack/Studie/ICT/Jaar2/Blok_4-DWA_Project/feb2019-project-armadillo/postit-server/model/organisation.js","statementMap":{"0":{"start":{"line":1,"column":17},"end":{"line":1,"column":36}},"1":{"start":{"line":3,"column":17},"end":{"line":3,"column":38}},"2":{"start":{"line":4,"column":13},"end":{"line":4,"column":30}},"3":{"start":{"line":6,"column":27},"end":{"line":42,"column":1}},"4":{"start":{"line":44,"column":0},"end":{"line":46,"column":2}},"5":{"start":{"line":45,"column":4},"end":{"line":45,"column":64}},"6":{"start":{"line":48,"column":0},"end":{"line":48,"column":68}}},"fnMap":{"0":{"name":"(anonymous_0)","decl":{"start":{"line":44,"column":52},"end":{"line":44,"column":53}},"loc":{"start":{"line":44,"column":80},"end":{"line":46,"column":1}},"line":44}},"branchMap":{},"s":{"0":7,"1":7,"2":7,"3":7,"4":7,"5":153,"6":7},"f":{"0":153},"b":{},"_coverageSchema":"43e27e138ebf9cfc5966b082cf9a028302ed4184","hash":"032660f363667194ced31435f3d3017a3018c98d"}
,"/Users/Julian/stack/Studie/ICT/Jaar2/Blok_4-DWA_Project/feb2019-project-armadillo/postit-server/routes/addOrganisationRouter.js": {"path":"/Users/Julian/stack/Studie/ICT/Jaar2/Blok_4-DWA_Project/feb2019-project-armadillo/postit-server/routes/addOrganisationRouter.js","statementMap":{"0":{"start":{"line":1,"column":16},"end":{"line":1,"column":34}},"1":{"start":{"line":2,"column":15},"end":{"line":2,"column":31}},"2":{"start":{"line":4,"column":14},"end":{"line":4,"column":53}},"3":{"start":{"line":5,"column":29},"end":{"line":5,"column":71}},"4":{"start":{"line":6,"column":28},"end":{"line":6,"column":69}},"5":{"start":{"line":7,"column":30},"end":{"line":7,"column":73}},"6":{"start":{"line":8,"column":21},"end":{"line":8,"column":55}},"7":{"start":{"line":9,"column":18},"end":{"line":9,"column":48}},"8":{"start":{"line":10,"column":14},"end":{"line":10,"column":41}},"9":{"start":{"line":11,"column":33},"end":{"line":11,"column":82}},"10":{"start":{"line":81,"column":0},"end":{"line":110,"column":3}},"11":{"start":{"line":82,"column":115},"end":{"line":82,"column":123}},"12":{"start":{"line":84,"column":4},"end":{"line":109,"column":5}},"13":{"start":{"line":85,"column":8},"end":{"line":85,"column":135}},"14":{"start":{"line":86,"column":8},"end":{"line":86,"column":134}},"15":{"start":{"line":86,"column":48},"end":{"line":86,"column":134}},"16":{"start":{"line":87,"column":8},"end":{"line":87,"column":197}},"17":{"start":{"line":87,"column":64},"end":{"line":87,"column":197}},"18":{"start":{"line":89,"column":8},"end":{"line":89,"column":71}},"19":{"start":{"line":91,"column":29},"end":{"line":91,"column":135}},"20":{"start":{"line":93,"column":22},"end":{"line":93,"column":65}},"21":{"start":{"line":94,"column":25},"end":{"line":94,"column":143}},"22":{"start":{"line":96,"column":8},"end":{"line":96,"column":34}},"23":{"start":{"line":98,"column":8},"end":{"line":104,"column":11}},"24":{"start":{"line":106,"column":8},"end":{"line":106,"column":124}},"25":{"start":{"line":108,"column":8},"end":{"line":108,"column":25}},"26":{"start":{"line":112,"column":0},"end":{"line":112,"column":42}},"27":{"start":{"line":114,"column":0},"end":{"line":114,"column":24}}},"fnMap":{"0":{"name":"(anonymous_0)","decl":{"start":{"line":81,"column":17},"end":{"line":81,"column":18}},"loc":{"start":{"line":81,"column":43},"end":{"line":110,"column":1}},"line":81}},"branchMap":{"0":{"loc":{"start":{"line":86,"column":8},"end":{"line":86,"column":134}},"type":"if","locations":[{"start":{"line":86,"column":8},"end":{"line":86,"column":134}},{"start":{"line":86,"column":8},"end":{"line":86,"column":134}}],"line":86},"1":{"loc":{"start":{"line":87,"column":8},"end":{"line":87,"column":197}},"type":"if","locations":[{"start":{"line":87,"column":8},"end":{"line":87,"column":197}},{"start":{"line":87,"column":8},"end":{"line":87,"column":197}}],"line":87}},"s":{"0":4,"1":4,"2":4,"3":4,"4":4,"5":4,"6":4,"7":4,"8":4,"9":4,"10":4,"11":7,"12":7,"13":7,"14":7,"15":1,"16":6,"17":2,"18":4,"19":4,"20":3,"21":3,"22":1,"23":1,"24":1,"25":6,"26":4,"27":4},"f":{"0":7},"b":{"0":[1,6],"1":[2,4]},"_coverageSchema":"43e27e138ebf9cfc5966b082cf9a028302ed4184","hash":"b3f34593f426f00a68bac6b10b9101eaaa5b6afa"}
,"/Users/Julian/stack/Studie/ICT/Jaar2/Blok_4-DWA_Project/feb2019-project-armadillo/postit-server/routes/adminRouter.js": {"path":"/Users/Julian/stack/Studie/ICT/Jaar2/Blok_4-DWA_Project/feb2019-project-armadillo/postit-server/routes/adminRouter.js","statementMap":{"0":{"start":{"line":1,"column":16},"end":{"line":1,"column":34}},"1":{"start":{"line":2,"column":15},"end":{"line":2,"column":31}},"2":{"start":{"line":4,"column":0},"end":{"line":6,"column":3}},"3":{"start":{"line":5,"column":4},"end":{"line":5,"column":73}},"4":{"start":{"line":8,"column":0},"end":{"line":8,"column":24}}},"fnMap":{"0":{"name":"(anonymous_0)","decl":{"start":{"line":4,"column":16},"end":{"line":4,"column":17}},"loc":{"start":{"line":4,"column":36},"end":{"line":6,"column":1}},"line":4}},"branchMap":{},"s":{"0":4,"1":4,"2":4,"3":0,"4":4},"f":{"0":0},"b":{},"_coverageSchema":"43e27e138ebf9cfc5966b082cf9a028302ed4184","hash":"fc5f8ca9411479da109ee3f1f47cea08512759f3"}
,"/Users/Julian/stack/Studie/ICT/Jaar2/Blok_4-DWA_Project/feb2019-project-armadillo/postit-server/routes/authRouter.js": {"path":"/Users/Julian/stack/Studie/ICT/Jaar2/Blok_4-DWA_Project/feb2019-project-armadillo/postit-server/routes/authRouter.js","statementMap":{"0":{"start":{"line":1,"column":16},"end":{"line":1,"column":34}},"1":{"start":{"line":2,"column":15},"end":{"line":2,"column":31}},"2":{"start":{"line":4,"column":18},"end":{"line":4,"column":48}},"3":{"start":{"line":5,"column":14},"end":{"line":5,"column":53}},"4":{"start":{"line":6,"column":29},"end":{"line":6,"column":71}},"5":{"start":{"line":7,"column":30},"end":{"line":7,"column":73}},"6":{"start":{"line":8,"column":21},"end":{"line":8,"column":55}},"7":{"start":{"line":9,"column":21},"end":{"line":9,"column":55}},"8":{"start":{"line":61,"column":0},"end":{"line":79,"column":3}},"9":{"start":{"line":62,"column":53},"end":{"line":62,"column":61}},"10":{"start":{"line":64,"column":4},"end":{"line":78,"column":5}},"11":{"start":{"line":65,"column":8},"end":{"line":65,"column":93}},"12":{"start":{"line":67,"column":22},"end":{"line":67,"column":65}},"13":{"start":{"line":68,"column":25},"end":{"line":68,"column":134}},"14":{"start":{"line":70,"column":8},"end":{"line":72,"column":11}},"15":{"start":{"line":74,"column":8},"end":{"line":74,"column":132}},"16":{"start":{"line":76,"column":8},"end":{"line":76,"column":41}},"17":{"start":{"line":76,"column":24},"end":{"line":76,"column":41}},"18":{"start":{"line":77,"column":8},"end":{"line":77,"column":18}},"19":{"start":{"line":112,"column":0},"end":{"line":136,"column":3}},"20":{"start":{"line":113,"column":4},"end":{"line":115,"column":5}},"21":{"start":{"line":114,"column":8},"end":{"line":114,"column":50}},"22":{"start":{"line":116,"column":4},"end":{"line":135,"column":5}},"23":{"start":{"line":117,"column":25},"end":{"line":117,"column":125}},"24":{"start":{"line":118,"column":8},"end":{"line":118,"column":122}},"25":{"start":{"line":118,"column":36},"end":{"line":118,"column":122}},"26":{"start":{"line":120,"column":8},"end":{"line":129,"column":11}},"27":{"start":{"line":131,"column":8},"end":{"line":131,"column":48}},"28":{"start":{"line":132,"column":8},"end":{"line":132,"column":76}},"29":{"start":{"line":133,"column":8},"end":{"line":133,"column":41}},"30":{"start":{"line":133,"column":24},"end":{"line":133,"column":41}},"31":{"start":{"line":134,"column":8},"end":{"line":134,"column":18}},"32":{"start":{"line":156,"column":0},"end":{"line":164,"column":3}},"33":{"start":{"line":157,"column":4},"end":{"line":163,"column":5}},"34":{"start":{"line":158,"column":8},"end":{"line":158,"column":81}},"35":{"start":{"line":159,"column":8},"end":{"line":159,"column":57}},"36":{"start":{"line":161,"column":8},"end":{"line":161,"column":41}},"37":{"start":{"line":161,"column":24},"end":{"line":161,"column":41}},"38":{"start":{"line":162,"column":8},"end":{"line":162,"column":18}},"39":{"start":{"line":205,"column":0},"end":{"line":235,"column":3}},"40":{"start":{"line":206,"column":22},"end":{"line":206,"column":30}},"41":{"start":{"line":208,"column":4},"end":{"line":234,"column":5}},"42":{"start":{"line":209,"column":8},"end":{"line":209,"column":62}},"43":{"start":{"line":211,"column":25},"end":{"line":211,"column":98}},"44":{"start":{"line":213,"column":8},"end":{"line":213,"column":104}},"45":{"start":{"line":213,"column":36},"end":{"line":213,"column":104}},"46":{"start":{"line":215,"column":8},"end":{"line":215,"column":30}},"47":{"start":{"line":216,"column":8},"end":{"line":216,"column":38}},"48":{"start":{"line":218,"column":8},"end":{"line":218,"column":84}},"49":{"start":{"line":218,"column":53},"end":{"line":218,"column":84}},"50":{"start":{"line":219,"column":8},"end":{"line":219,"column":97}},"51":{"start":{"line":221,"column":8},"end":{"line":230,"column":11}},"52":{"start":{"line":232,"column":8},"end":{"line":232,"column":48}},"53":{"start":{"line":233,"column":8},"end":{"line":233,"column":25}},"54":{"start":{"line":241,"column":0},"end":{"line":241,"column":65}},"55":{"start":{"line":269,"column":0},"end":{"line":276,"column":3}},"56":{"start":{"line":271,"column":4},"end":{"line":275,"column":5}},"57":{"start":{"line":272,"column":8},"end":{"line":272,"column":134}},"58":{"start":{"line":274,"column":8},"end":{"line":274,"column":25}},"59":{"start":{"line":299,"column":0},"end":{"line":313,"column":3}},"60":{"start":{"line":300,"column":4},"end":{"line":312,"column":5}},"61":{"start":{"line":301,"column":22},"end":{"line":301,"column":65}},"62":{"start":{"line":303,"column":8},"end":{"line":303,"column":35}},"63":{"start":{"line":304,"column":8},"end":{"line":304,"column":38}},"64":{"start":{"line":306,"column":8},"end":{"line":308,"column":11}},"65":{"start":{"line":309,"column":8},"end":{"line":309,"column":136}},"66":{"start":{"line":311,"column":8},"end":{"line":311,"column":25}},"67":{"start":{"line":315,"column":0},"end":{"line":315,"column":24}}},"fnMap":{"0":{"name":"(anonymous_0)","decl":{"start":{"line":61,"column":26},"end":{"line":61,"column":27}},"loc":{"start":{"line":61,"column":52},"end":{"line":79,"column":1}},"line":61},"1":{"name":"(anonymous_1)","decl":{"start":{"line":112,"column":23},"end":{"line":112,"column":24}},"loc":{"start":{"line":112,"column":49},"end":{"line":136,"column":1}},"line":112},"2":{"name":"(anonymous_2)","decl":{"start":{"line":117,"column":84},"end":{"line":117,"column":85}},"loc":{"start":{"line":117,"column":90},"end":{"line":117,"column":93}},"line":117},"3":{"name":"(anonymous_3)","decl":{"start":{"line":156,"column":25},"end":{"line":156,"column":26}},"loc":{"start":{"line":156,"column":45},"end":{"line":164,"column":1}},"line":156},"4":{"name":"(anonymous_4)","decl":{"start":{"line":205,"column":32},"end":{"line":205,"column":33}},"loc":{"start":{"line":205,"column":58},"end":{"line":235,"column":1}},"line":205},"5":{"name":"(anonymous_5)","decl":{"start":{"line":269,"column":32},"end":{"line":269,"column":33}},"loc":{"start":{"line":269,"column":58},"end":{"line":276,"column":1}},"line":269},"6":{"name":"(anonymous_6)","decl":{"start":{"line":299,"column":32},"end":{"line":299,"column":33}},"loc":{"start":{"line":299,"column":58},"end":{"line":313,"column":1}},"line":299}},"branchMap":{"0":{"loc":{"start":{"line":76,"column":8},"end":{"line":76,"column":41}},"type":"if","locations":[{"start":{"line":76,"column":8},"end":{"line":76,"column":41}},{"start":{"line":76,"column":8},"end":{"line":76,"column":41}}],"line":76},"1":{"loc":{"start":{"line":113,"column":4},"end":{"line":115,"column":5}},"type":"if","locations":[{"start":{"line":113,"column":4},"end":{"line":115,"column":5}},{"start":{"line":113,"column":4},"end":{"line":115,"column":5}}],"line":113},"2":{"loc":{"start":{"line":118,"column":8},"end":{"line":118,"column":122}},"type":"if","locations":[{"start":{"line":118,"column":8},"end":{"line":118,"column":122}},{"start":{"line":118,"column":8},"end":{"line":118,"column":122}}],"line":118},"3":{"loc":{"start":{"line":133,"column":8},"end":{"line":133,"column":41}},"type":"if","locations":[{"start":{"line":133,"column":8},"end":{"line":133,"column":41}},{"start":{"line":133,"column":8},"end":{"line":133,"column":41}}],"line":133},"4":{"loc":{"start":{"line":161,"column":8},"end":{"line":161,"column":41}},"type":"if","locations":[{"start":{"line":161,"column":8},"end":{"line":161,"column":41}},{"start":{"line":161,"column":8},"end":{"line":161,"column":41}}],"line":161},"5":{"loc":{"start":{"line":213,"column":8},"end":{"line":213,"column":104}},"type":"if","locations":[{"start":{"line":213,"column":8},"end":{"line":213,"column":104}},{"start":{"line":213,"column":8},"end":{"line":213,"column":104}}],"line":213},"6":{"loc":{"start":{"line":218,"column":8},"end":{"line":218,"column":84}},"type":"if","locations":[{"start":{"line":218,"column":8},"end":{"line":218,"column":84}},{"start":{"line":218,"column":8},"end":{"line":218,"column":84}}],"line":218}},"s":{"0":4,"1":4,"2":4,"3":4,"4":4,"5":4,"6":4,"7":4,"8":4,"9":6,"10":6,"11":6,"12":3,"13":3,"14":2,"15":2,"16":4,"17":4,"18":0,"19":4,"20":3,"21":3,"22":3,"23":3,"24":3,"25":2,"26":1,"27":2,"28":2,"29":2,"30":2,"31":0,"32":4,"33":1,"34":1,"35":1,"36":0,"37":0,"38":0,"39":4,"40":20,"41":20,"42":20,"43":20,"44":20,"45":1,"46":19,"47":19,"48":19,"49":19,"50":19,"51":19,"52":1,"53":1,"54":4,"55":4,"56":0,"57":0,"58":0,"59":4,"60":20,"61":20,"62":20,"63":20,"64":20,"65":20,"66":0,"67":4},"f":{"0":6,"1":3,"2":3,"3":1,"4":20,"5":0,"6":20},"b":{"0":[4,0],"1":[3,0],"2":[2,1],"3":[2,0],"4":[0,0],"5":[1,19],"6":[19,0]},"_coverageSchema":"43e27e138ebf9cfc5966b082cf9a028302ed4184","hash":"53965c788f124096309daa4d232c343f75b870e7"}
,"/Users/Julian/stack/Studie/ICT/Jaar2/Blok_4-DWA_Project/feb2019-project-armadillo/postit-server/routes/employeeRouter.js": {"path":"/Users/Julian/stack/Studie/ICT/Jaar2/Blok_4-DWA_Project/feb2019-project-armadillo/postit-server/routes/employeeRouter.js","statementMap":{"0":{"start":{"line":1,"column":16},"end":{"line":1,"column":34}},"1":{"start":{"line":2,"column":15},"end":{"line":2,"column":31}},"2":{"start":{"line":3,"column":15},"end":{"line":3,"column":32}},"3":{"start":{"line":4,"column":0},"end":{"line":4,"column":16}},"4":{"start":{"line":6,"column":13},"end":{"line":6,"column":43}},"5":{"start":{"line":7,"column":16},"end":{"line":7,"column":49}},"6":{"start":{"line":8,"column":29},"end":{"line":8,"column":71}},"7":{"start":{"line":9,"column":20},"end":{"line":9,"column":53}},"8":{"start":{"line":10,"column":25},"end":{"line":10,"column":64}},"9":{"start":{"line":11,"column":28},"end":{"line":11,"column":69}},"10":{"start":{"line":12,"column":21},"end":{"line":12,"column":55}},"11":{"start":{"line":13,"column":26},"end":{"line":13,"column":68}},"12":{"start":{"line":61,"column":0},"end":{"line":83,"column":3}},"13":{"start":{"line":62,"column":58},"end":{"line":62,"column":66}},"14":{"start":{"line":63,"column":4},"end":{"line":82,"column":5}},"15":{"start":{"line":64,"column":8},"end":{"line":64,"column":86}},"16":{"start":{"line":66,"column":35},"end":{"line":66,"column":122}},"17":{"start":{"line":66,"column":84},"end":{"line":66,"column":121}},"18":{"start":{"line":67,"column":28},"end":{"line":67,"column":74}},"19":{"start":{"line":69,"column":8},"end":{"line":69,"column":42}},"20":{"start":{"line":70,"column":8},"end":{"line":70,"column":40}},"21":{"start":{"line":71,"column":8},"end":{"line":71,"column":40}},"22":{"start":{"line":72,"column":8},"end":{"line":72,"column":83}},"23":{"start":{"line":74,"column":8},"end":{"line":74,"column":71}},"24":{"start":{"line":76,"column":8},"end":{"line":76,"column":38}},"25":{"start":{"line":78,"column":8},"end":{"line":78,"column":80}},"26":{"start":{"line":79,"column":8},"end":{"line":79,"column":197}},"27":{"start":{"line":81,"column":8},"end":{"line":81,"column":25}},"28":{"start":{"line":121,"column":0},"end":{"line":150,"column":3}},"29":{"start":{"line":122,"column":35},"end":{"line":122,"column":43}},"30":{"start":{"line":124,"column":4},"end":{"line":149,"column":5}},"31":{"start":{"line":125,"column":8},"end":{"line":125,"column":75}},"32":{"start":{"line":127,"column":8},"end":{"line":135,"column":12}},"33":{"start":{"line":136,"column":8},"end":{"line":136,"column":38}},"34":{"start":{"line":137,"column":24},"end":{"line":137,"column":81}},"35":{"start":{"line":138,"column":8},"end":{"line":138,"column":107}},"36":{"start":{"line":139,"column":8},"end":{"line":139,"column":38}},"37":{"start":{"line":140,"column":8},"end":{"line":146,"column":11}},"38":{"start":{"line":148,"column":8},"end":{"line":148,"column":25}},"39":{"start":{"line":152,"column":0},"end":{"line":152,"column":54}},"40":{"start":{"line":189,"column":0},"end":{"line":215,"column":3}},"41":{"start":{"line":190,"column":4},"end":{"line":214,"column":5}},"42":{"start":{"line":191,"column":28},"end":{"line":191,"column":36}},"43":{"start":{"line":192,"column":8},"end":{"line":192,"column":64}},"44":{"start":{"line":194,"column":8},"end":{"line":201,"column":12}},"45":{"start":{"line":202,"column":8},"end":{"line":202,"column":38}},"46":{"start":{"line":203,"column":8},"end":{"line":203,"column":111}},"47":{"start":{"line":204,"column":8},"end":{"line":204,"column":68}},"48":{"start":{"line":205,"column":8},"end":{"line":211,"column":11}},"49":{"start":{"line":213,"column":8},"end":{"line":213,"column":25}},"50":{"start":{"line":217,"column":0},"end":{"line":217,"column":45}},"51":{"start":{"line":219,"column":0},"end":{"line":219,"column":24}}},"fnMap":{"0":{"name":"(anonymous_0)","decl":{"start":{"line":61,"column":16},"end":{"line":61,"column":17}},"loc":{"start":{"line":61,"column":42},"end":{"line":83,"column":1}},"line":61},"1":{"name":"(anonymous_1)","decl":{"start":{"line":66,"column":72},"end":{"line":66,"column":73}},"loc":{"start":{"line":66,"column":84},"end":{"line":66,"column":121}},"line":66},"2":{"name":"(anonymous_2)","decl":{"start":{"line":121,"column":22},"end":{"line":121,"column":23}},"loc":{"start":{"line":121,"column":48},"end":{"line":150,"column":1}},"line":121},"3":{"name":"(anonymous_3)","decl":{"start":{"line":189,"column":39},"end":{"line":189,"column":40}},"loc":{"start":{"line":189,"column":65},"end":{"line":215,"column":1}},"line":189}},"branchMap":{"0":{"loc":{"start":{"line":72,"column":33},"end":{"line":72,"column":82}},"type":"cond-expr","locations":[{"start":{"line":72,"column":46},"end":{"line":72,"column":56}},{"start":{"line":72,"column":59},"end":{"line":72,"column":82}}],"line":72}},"s":{"0":4,"1":4,"2":4,"3":4,"4":4,"5":4,"6":4,"7":4,"8":4,"9":4,"10":4,"11":4,"12":4,"13":0,"14":0,"15":0,"16":0,"17":0,"18":0,"19":0,"20":0,"21":0,"22":0,"23":0,"24":0,"25":0,"26":0,"27":0,"28":4,"29":1,"30":1,"31":1,"32":1,"33":1,"34":1,"35":1,"36":1,"37":1,"38":0,"39":4,"40":4,"41":2,"42":2,"43":2,"44":2,"45":2,"46":2,"47":2,"48":2,"49":0,"50":4,"51":4},"f":{"0":0,"1":0,"2":1,"3":2},"b":{"0":[0,0]},"_coverageSchema":"43e27e138ebf9cfc5966b082cf9a028302ed4184","hash":"4e3a901ca5513b63637f55340b34e3f17866e613"}
,"/Users/Julian/stack/Studie/ICT/Jaar2/Blok_4-DWA_Project/feb2019-project-armadillo/postit-server/routes/legacyRouter.js": {"path":"/Users/Julian/stack/Studie/ICT/Jaar2/Blok_4-DWA_Project/feb2019-project-armadillo/postit-server/routes/legacyRouter.js","statementMap":{"0":{"start":{"line":1,"column":16},"end":{"line":1,"column":34}},"1":{"start":{"line":2,"column":15},"end":{"line":2,"column":31}},"2":{"start":{"line":3,"column":13},"end":{"line":3,"column":28}},"3":{"start":{"line":5,"column":21},"end":{"line":5,"column":53}},"4":{"start":{"line":6,"column":22},"end":{"line":6,"column":57}},"5":{"start":{"line":7,"column":21},"end":{"line":7,"column":55}},"6":{"start":{"line":9,"column":0},"end":{"line":9,"column":84}},"7":{"start":{"line":11,"column":0},"end":{"line":17,"column":3}},"8":{"start":{"line":12,"column":4},"end":{"line":16,"column":5}},"9":{"start":{"line":13,"column":8},"end":{"line":13,"column":135}},"10":{"start":{"line":15,"column":8},"end":{"line":15,"column":18}},"11":{"start":{"line":19,"column":0},"end":{"line":25,"column":3}},"12":{"start":{"line":20,"column":4},"end":{"line":24,"column":5}},"13":{"start":{"line":21,"column":8},"end":{"line":21,"column":135}},"14":{"start":{"line":23,"column":8},"end":{"line":23,"column":38}},"15":{"start":{"line":27,"column":0},"end":{"line":41,"column":3}},"16":{"start":{"line":28,"column":4},"end":{"line":40,"column":5}},"17":{"start":{"line":29,"column":29},"end":{"line":29,"column":99}},"18":{"start":{"line":30,"column":8},"end":{"line":30,"column":80}},"19":{"start":{"line":30,"column":35},"end":{"line":30,"column":80}},"20":{"start":{"line":32,"column":8},"end":{"line":37,"column":9}},"21":{"start":{"line":33,"column":12},"end":{"line":33,"column":151}},"22":{"start":{"line":35,"column":29},"end":{"line":35,"column":115}},"23":{"start":{"line":36,"column":12},"end":{"line":36,"column":160}},"24":{"start":{"line":39,"column":8},"end":{"line":39,"column":38}},"25":{"start":{"line":43,"column":0},"end":{"line":57,"column":3}},"26":{"start":{"line":44,"column":4},"end":{"line":56,"column":5}},"27":{"start":{"line":45,"column":29},"end":{"line":45,"column":99}},"28":{"start":{"line":46,"column":8},"end":{"line":46,"column":80}},"29":{"start":{"line":46,"column":35},"end":{"line":46,"column":80}},"30":{"start":{"line":48,"column":21},"end":{"line":48,"column":88}},"31":{"start":{"line":48,"column":53},"end":{"line":48,"column":87}},"32":{"start":{"line":50,"column":8},"end":{"line":50,"column":65}},"33":{"start":{"line":50,"column":27},"end":{"line":50,"column":65}},"34":{"start":{"line":52,"column":25},"end":{"line":52,"column":71}},"35":{"start":{"line":53,"column":8},"end":{"line":53,"column":156}},"36":{"start":{"line":55,"column":8},"end":{"line":55,"column":38}},"37":{"start":{"line":60,"column":0},"end":{"line":60,"column":24}}},"fnMap":{"0":{"name":"(anonymous_0)","decl":{"start":{"line":11,"column":21},"end":{"line":11,"column":22}},"loc":{"start":{"line":11,"column":47},"end":{"line":17,"column":1}},"line":11},"1":{"name":"(anonymous_1)","decl":{"start":{"line":19,"column":16},"end":{"line":19,"column":17}},"loc":{"start":{"line":19,"column":42},"end":{"line":25,"column":1}},"line":19},"2":{"name":"(anonymous_2)","decl":{"start":{"line":27,"column":33},"end":{"line":27,"column":34}},"loc":{"start":{"line":27,"column":59},"end":{"line":41,"column":1}},"line":27},"3":{"name":"(anonymous_3)","decl":{"start":{"line":43,"column":46},"end":{"line":43,"column":47}},"loc":{"start":{"line":43,"column":72},"end":{"line":57,"column":1}},"line":43},"4":{"name":"(anonymous_4)","decl":{"start":{"line":48,"column":45},"end":{"line":48,"column":46}},"loc":{"start":{"line":48,"column":53},"end":{"line":48,"column":87}},"line":48}},"branchMap":{"0":{"loc":{"start":{"line":30,"column":8},"end":{"line":30,"column":80}},"type":"if","locations":[{"start":{"line":30,"column":8},"end":{"line":30,"column":80}},{"start":{"line":30,"column":8},"end":{"line":30,"column":80}}],"line":30},"1":{"loc":{"start":{"line":32,"column":8},"end":{"line":37,"column":9}},"type":"if","locations":[{"start":{"line":32,"column":8},"end":{"line":37,"column":9}},{"start":{"line":32,"column":8},"end":{"line":37,"column":9}}],"line":32},"2":{"loc":{"start":{"line":46,"column":8},"end":{"line":46,"column":80}},"type":"if","locations":[{"start":{"line":46,"column":8},"end":{"line":46,"column":80}},{"start":{"line":46,"column":8},"end":{"line":46,"column":80}}],"line":46},"3":{"loc":{"start":{"line":50,"column":8},"end":{"line":50,"column":65}},"type":"if","locations":[{"start":{"line":50,"column":8},"end":{"line":50,"column":65}},{"start":{"line":50,"column":8},"end":{"line":50,"column":65}}],"line":50}},"s":{"0":4,"1":4,"2":4,"3":4,"4":4,"5":4,"6":4,"7":4,"8":0,"9":0,"10":0,"11":4,"12":0,"13":0,"14":0,"15":4,"16":0,"17":0,"18":0,"19":0,"20":0,"21":0,"22":0,"23":0,"24":0,"25":4,"26":0,"27":0,"28":0,"29":0,"30":0,"31":0,"32":0,"33":0,"34":0,"35":0,"36":0,"37":4},"f":{"0":0,"1":0,"2":0,"3":0,"4":0},"b":{"0":[0,0],"1":[0,0],"2":[0,0],"3":[0,0]},"_coverageSchema":"43e27e138ebf9cfc5966b082cf9a028302ed4184","hash":"fe8379e30c1b05ccaa5c703c3d9f34e9cd6ecafb"}
,"/Users/Julian/stack/Studie/ICT/Jaar2/Blok_4-DWA_Project/feb2019-project-armadillo/postit-server/routes/organisationRouter.js": {"path":"/Users/Julian/stack/Studie/ICT/Jaar2/Blok_4-DWA_Project/feb2019-project-armadillo/postit-server/routes/organisationRouter.js","statementMap":{"0":{"start":{"line":1,"column":16},"end":{"line":1,"column":34}},"1":{"start":{"line":2,"column":15},"end":{"line":2,"column":31}},"2":{"start":{"line":4,"column":30},"end":{"line":4,"column":64}},"3":{"start":{"line":5,"column":19},"end":{"line":5,"column":42}},"4":{"start":{"line":6,"column":20},"end":{"line":6,"column":44}},"5":{"start":{"line":7,"column":23},"end":{"line":7,"column":50}},"6":{"start":{"line":8,"column":21},"end":{"line":8,"column":46}},"7":{"start":{"line":10,"column":30},"end":{"line":10,"column":73}},"8":{"start":{"line":11,"column":29},"end":{"line":11,"column":71}},"9":{"start":{"line":12,"column":21},"end":{"line":12,"column":55}},"10":{"start":{"line":13,"column":14},"end":{"line":13,"column":53}},"11":{"start":{"line":18,"column":0},"end":{"line":18,"column":39}},"12":{"start":{"line":20,"column":0},"end":{"line":20,"column":115}},"13":{"start":{"line":20,"column":59},"end":{"line":20,"column":113}},"14":{"start":{"line":21,"column":0},"end":{"line":21,"column":106}},"15":{"start":{"line":21,"column":53},"end":{"line":21,"column":104}},"16":{"start":{"line":56,"column":0},"end":{"line":63,"column":3}},"17":{"start":{"line":57,"column":4},"end":{"line":62,"column":7}},"18":{"start":{"line":68,"column":0},"end":{"line":68,"column":50}},"19":{"start":{"line":73,"column":0},"end":{"line":73,"column":54}},"20":{"start":{"line":78,"column":0},"end":{"line":78,"column":154}},"21":{"start":{"line":78,"column":63},"end":{"line":78,"column":152}},"22":{"start":{"line":79,"column":0},"end":{"line":79,"column":59}},"23":{"start":{"line":84,"column":0},"end":{"line":84,"column":134}},"24":{"start":{"line":84,"column":59},"end":{"line":84,"column":132}},"25":{"start":{"line":85,"column":0},"end":{"line":85,"column":52}},"26":{"start":{"line":87,"column":0},"end":{"line":87,"column":24}}},"fnMap":{"0":{"name":"(anonymous_0)","decl":{"start":{"line":20,"column":33},"end":{"line":20,"column":34}},"loc":{"start":{"line":20,"column":59},"end":{"line":20,"column":113}},"line":20},"1":{"name":"(anonymous_1)","decl":{"start":{"line":21,"column":33},"end":{"line":21,"column":34}},"loc":{"start":{"line":21,"column":53},"end":{"line":21,"column":104}},"line":21},"2":{"name":"(anonymous_2)","decl":{"start":{"line":56,"column":33},"end":{"line":56,"column":34}},"loc":{"start":{"line":56,"column":47},"end":{"line":63,"column":1}},"line":56},"3":{"name":"(anonymous_3)","decl":{"start":{"line":78,"column":43},"end":{"line":78,"column":44}},"loc":{"start":{"line":78,"column":63},"end":{"line":78,"column":152}},"line":78},"4":{"name":"(anonymous_4)","decl":{"start":{"line":84,"column":39},"end":{"line":84,"column":40}},"loc":{"start":{"line":84,"column":59},"end":{"line":84,"column":132}},"line":84}},"branchMap":{},"s":{"0":4,"1":4,"2":4,"3":4,"4":4,"5":4,"6":4,"7":4,"8":4,"9":4,"10":4,"11":4,"12":4,"13":70,"14":4,"15":70,"16":4,"17":0,"18":4,"19":4,"20":4,"21":5,"22":4,"23":4,"24":0,"25":4,"26":4},"f":{"0":70,"1":70,"2":0,"3":5,"4":0},"b":{},"_coverageSchema":"43e27e138ebf9cfc5966b082cf9a028302ed4184","hash":"bc6986b35fcd10b159c3e6ade548fdf46ab313ea"}
,"/Users/Julian/stack/Studie/ICT/Jaar2/Blok_4-DWA_Project/feb2019-project-armadillo/postit-server/routes/sharedRouter.js": {"path":"/Users/Julian/stack/Studie/ICT/Jaar2/Blok_4-DWA_Project/feb2019-project-armadillo/postit-server/routes/sharedRouter.js","statementMap":{"0":{"start":{"line":1,"column":16},"end":{"line":1,"column":34}},"1":{"start":{"line":2,"column":15},"end":{"line":2,"column":31}},"2":{"start":{"line":4,"column":18},"end":{"line":4,"column":48}},"3":{"start":{"line":5,"column":20},"end":{"line":5,"column":53}},"4":{"start":{"line":6,"column":25},"end":{"line":6,"column":64}},"5":{"start":{"line":7,"column":29},"end":{"line":7,"column":71}},"6":{"start":{"line":58,"column":0},"end":{"line":61,"column":3}},"7":{"start":{"line":59,"column":4},"end":{"line":59,"column":137}},"8":{"start":{"line":59,"column":43},"end":{"line":59,"column":137}},"9":{"start":{"line":60,"column":4},"end":{"line":60,"column":49}},"10":{"start":{"line":102,"column":0},"end":{"line":131,"column":3}},"11":{"start":{"line":103,"column":31},"end":{"line":103,"column":39}},"12":{"start":{"line":105,"column":4},"end":{"line":130,"column":5}},"13":{"start":{"line":106,"column":8},"end":{"line":106,"column":133}},"14":{"start":{"line":106,"column":32},"end":{"line":106,"column":133}},"15":{"start":{"line":107,"column":8},"end":{"line":107,"column":65}},"16":{"start":{"line":109,"column":8},"end":{"line":111,"column":9}},"17":{"start":{"line":110,"column":12},"end":{"line":110,"column":54}},"18":{"start":{"line":113,"column":8},"end":{"line":114,"column":88}},"19":{"start":{"line":114,"column":36},"end":{"line":114,"column":86}},"20":{"start":{"line":116,"column":8},"end":{"line":120,"column":9}},"21":{"start":{"line":117,"column":12},"end":{"line":119,"column":68}},"22":{"start":{"line":122,"column":8},"end":{"line":122,"column":53}},"23":{"start":{"line":123,"column":8},"end":{"line":123,"column":54}},"24":{"start":{"line":124,"column":8},"end":{"line":124,"column":38}},"25":{"start":{"line":126,"column":8},"end":{"line":126,"column":167}},"26":{"start":{"line":127,"column":8},"end":{"line":127,"column":97}},"27":{"start":{"line":129,"column":8},"end":{"line":129,"column":25}},"28":{"start":{"line":160,"column":0},"end":{"line":184,"column":3}},"29":{"start":{"line":161,"column":4},"end":{"line":183,"column":5}},"30":{"start":{"line":162,"column":29},"end":{"line":163,"column":84}},"31":{"start":{"line":163,"column":34},"end":{"line":163,"column":83}},"32":{"start":{"line":165,"column":8},"end":{"line":165,"column":153}},"33":{"start":{"line":165,"column":40},"end":{"line":165,"column":153}},"34":{"start":{"line":167,"column":8},"end":{"line":169,"column":9}},"35":{"start":{"line":168,"column":12},"end":{"line":168,"column":54}},"36":{"start":{"line":170,"column":8},"end":{"line":172,"column":9}},"37":{"start":{"line":171,"column":12},"end":{"line":171,"column":89}},"38":{"start":{"line":174,"column":8},"end":{"line":175,"column":87}},"39":{"start":{"line":175,"column":36},"end":{"line":175,"column":85}},"40":{"start":{"line":177,"column":8},"end":{"line":177,"column":38}},"41":{"start":{"line":179,"column":8},"end":{"line":179,"column":167}},"42":{"start":{"line":180,"column":8},"end":{"line":180,"column":97}},"43":{"start":{"line":182,"column":8},"end":{"line":182,"column":25}},"44":{"start":{"line":187,"column":0},"end":{"line":187,"column":54}},"45":{"start":{"line":226,"column":0},"end":{"line":228,"column":3}},"46":{"start":{"line":227,"column":4},"end":{"line":227,"column":35}},"47":{"start":{"line":275,"column":0},"end":{"line":286,"column":3}},"48":{"start":{"line":276,"column":4},"end":{"line":285,"column":5}},"49":{"start":{"line":277,"column":8},"end":{"line":277,"column":183}},"50":{"start":{"line":277,"column":90},"end":{"line":277,"column":183}},"51":{"start":{"line":279,"column":8},"end":{"line":279,"column":54}},"52":{"start":{"line":280,"column":8},"end":{"line":280,"column":38}},"53":{"start":{"line":281,"column":8},"end":{"line":281,"column":111}},"54":{"start":{"line":282,"column":8},"end":{"line":282,"column":67}},"55":{"start":{"line":284,"column":8},"end":{"line":284,"column":25}},"56":{"start":{"line":340,"column":0},"end":{"line":357,"column":3}},"57":{"start":{"line":341,"column":22},"end":{"line":341,"column":42}},"58":{"start":{"line":343,"column":4},"end":{"line":356,"column":5}},"59":{"start":{"line":344,"column":24},"end":{"line":344,"column":88}},"60":{"start":{"line":344,"column":58},"end":{"line":344,"column":87}},"61":{"start":{"line":346,"column":8},"end":{"line":346,"column":118}},"62":{"start":{"line":346,"column":35},"end":{"line":346,"column":118}},"63":{"start":{"line":348,"column":8},"end":{"line":348,"column":185}},"64":{"start":{"line":348,"column":89},"end":{"line":348,"column":185}},"65":{"start":{"line":350,"column":8},"end":{"line":350,"column":53}},"66":{"start":{"line":351,"column":8},"end":{"line":351,"column":38}},"67":{"start":{"line":352,"column":8},"end":{"line":352,"column":114}},"68":{"start":{"line":353,"column":8},"end":{"line":353,"column":67}},"69":{"start":{"line":355,"column":8},"end":{"line":355,"column":25}},"70":{"start":{"line":360,"column":0},"end":{"line":360,"column":24}}},"fnMap":{"0":{"name":"(anonymous_0)","decl":{"start":{"line":58,"column":21},"end":{"line":58,"column":22}},"loc":{"start":{"line":58,"column":47},"end":{"line":61,"column":1}},"line":58},"1":{"name":"(anonymous_1)","decl":{"start":{"line":102,"column":30},"end":{"line":102,"column":31}},"loc":{"start":{"line":102,"column":56},"end":{"line":131,"column":1}},"line":102},"2":{"name":"(anonymous_2)","decl":{"start":{"line":114,"column":20},"end":{"line":114,"column":21}},"loc":{"start":{"line":114,"column":36},"end":{"line":114,"column":86}},"line":114},"3":{"name":"(anonymous_3)","decl":{"start":{"line":160,"column":44},"end":{"line":160,"column":45}},"loc":{"start":{"line":160,"column":70},"end":{"line":184,"column":1}},"line":160},"4":{"name":"(anonymous_4)","decl":{"start":{"line":163,"column":18},"end":{"line":163,"column":19}},"loc":{"start":{"line":163,"column":34},"end":{"line":163,"column":83}},"line":163},"5":{"name":"(anonymous_5)","decl":{"start":{"line":175,"column":20},"end":{"line":175,"column":21}},"loc":{"start":{"line":175,"column":36},"end":{"line":175,"column":85}},"line":175},"6":{"name":"(anonymous_6)","decl":{"start":{"line":226,"column":29},"end":{"line":226,"column":30}},"loc":{"start":{"line":226,"column":55},"end":{"line":228,"column":1}},"line":226},"7":{"name":"(anonymous_7)","decl":{"start":{"line":275,"column":37},"end":{"line":275,"column":38}},"loc":{"start":{"line":275,"column":63},"end":{"line":286,"column":1}},"line":275},"8":{"name":"(anonymous_8)","decl":{"start":{"line":340,"column":57},"end":{"line":340,"column":58}},"loc":{"start":{"line":340,"column":83},"end":{"line":357,"column":1}},"line":340},"9":{"name":"(anonymous_9)","decl":{"start":{"line":344,"column":47},"end":{"line":344,"column":48}},"loc":{"start":{"line":344,"column":58},"end":{"line":344,"column":87}},"line":344}},"branchMap":{"0":{"loc":{"start":{"line":59,"column":4},"end":{"line":59,"column":137}},"type":"if","locations":[{"start":{"line":59,"column":4},"end":{"line":59,"column":137}},{"start":{"line":59,"column":4},"end":{"line":59,"column":137}}],"line":59},"1":{"loc":{"start":{"line":106,"column":8},"end":{"line":106,"column":133}},"type":"if","locations":[{"start":{"line":106,"column":8},"end":{"line":106,"column":133}},{"start":{"line":106,"column":8},"end":{"line":106,"column":133}}],"line":106},"2":{"loc":{"start":{"line":109,"column":8},"end":{"line":111,"column":9}},"type":"if","locations":[{"start":{"line":109,"column":8},"end":{"line":111,"column":9}},{"start":{"line":109,"column":8},"end":{"line":111,"column":9}}],"line":109},"3":{"loc":{"start":{"line":116,"column":8},"end":{"line":120,"column":9}},"type":"if","locations":[{"start":{"line":116,"column":8},"end":{"line":120,"column":9}},{"start":{"line":116,"column":8},"end":{"line":120,"column":9}}],"line":116},"4":{"loc":{"start":{"line":165,"column":8},"end":{"line":165,"column":153}},"type":"if","locations":[{"start":{"line":165,"column":8},"end":{"line":165,"column":153}},{"start":{"line":165,"column":8},"end":{"line":165,"column":153}}],"line":165},"5":{"loc":{"start":{"line":167,"column":8},"end":{"line":169,"column":9}},"type":"if","locations":[{"start":{"line":167,"column":8},"end":{"line":169,"column":9}},{"start":{"line":167,"column":8},"end":{"line":169,"column":9}}],"line":167},"6":{"loc":{"start":{"line":170,"column":8},"end":{"line":172,"column":9}},"type":"if","locations":[{"start":{"line":170,"column":8},"end":{"line":172,"column":9}},{"start":{"line":170,"column":8},"end":{"line":172,"column":9}}],"line":170},"7":{"loc":{"start":{"line":277,"column":8},"end":{"line":277,"column":183}},"type":"if","locations":[{"start":{"line":277,"column":8},"end":{"line":277,"column":183}},{"start":{"line":277,"column":8},"end":{"line":277,"column":183}}],"line":277},"8":{"loc":{"start":{"line":346,"column":8},"end":{"line":346,"column":118}},"type":"if","locations":[{"start":{"line":346,"column":8},"end":{"line":346,"column":118}},{"start":{"line":346,"column":8},"end":{"line":346,"column":118}}],"line":346},"9":{"loc":{"start":{"line":348,"column":8},"end":{"line":348,"column":185}},"type":"if","locations":[{"start":{"line":348,"column":8},"end":{"line":348,"column":185}},{"start":{"line":348,"column":8},"end":{"line":348,"column":185}}],"line":348}},"s":{"0":4,"1":4,"2":4,"3":4,"4":4,"5":4,"6":4,"7":0,"8":0,"9":0,"10":4,"11":3,"12":3,"13":3,"14":1,"15":2,"16":2,"17":2,"18":2,"19":0,"20":2,"21":0,"22":2,"23":2,"24":2,"25":2,"26":2,"27":1,"28":4,"29":2,"30":2,"31":1,"32":2,"33":1,"34":1,"35":0,"36":1,"37":1,"38":1,"39":1,"40":1,"41":1,"42":1,"43":1,"44":4,"45":4,"46":1,"47":4,"48":3,"49":3,"50":1,"51":2,"52":2,"53":2,"54":2,"55":1,"56":4,"57":3,"58":3,"59":3,"60":3,"61":3,"62":0,"63":3,"64":1,"65":2,"66":2,"67":2,"68":2,"69":1,"70":4},"f":{"0":0,"1":3,"2":0,"3":2,"4":1,"5":1,"6":1,"7":3,"8":3,"9":3},"b":{"0":[0,0],"1":[1,2],"2":[2,0],"3":[0,2],"4":[1,1],"5":[0,1],"6":[1,0],"7":[1,2],"8":[0,3],"9":[1,2]},"_coverageSchema":"43e27e138ebf9cfc5966b082cf9a028302ed4184","hash":"a6873dca22aed6958815c0ae629aa740f4350099"}
,"/Users/Julian/stack/Studie/ICT/Jaar2/Blok_4-DWA_Project/feb2019-project-armadillo/postit-server/routes/imageRouter/addOrganisationImgRouter.js": {"path":"/Users/Julian/stack/Studie/ICT/Jaar2/Blok_4-DWA_Project/feb2019-project-armadillo/postit-server/routes/imageRouter/addOrganisationImgRouter.js","statementMap":{"0":{"start":{"line":1,"column":16},"end":{"line":1,"column":34}},"1":{"start":{"line":2,"column":15},"end":{"line":2,"column":31}},"2":{"start":{"line":3,"column":13},"end":{"line":3,"column":28}},"3":{"start":{"line":5,"column":18},"end":{"line":5,"column":51}},"4":{"start":{"line":6,"column":21},"end":{"line":6,"column":58}},"5":{"start":{"line":7,"column":17},"end":{"line":7,"column":62}},"6":{"start":{"line":8,"column":24},"end":{"line":8,"column":64}},"7":{"start":{"line":9,"column":21},"end":{"line":9,"column":56}},"8":{"start":{"line":14,"column":0},"end":{"line":36,"column":3}},"9":{"start":{"line":15,"column":4},"end":{"line":35,"column":5}},"10":{"start":{"line":16,"column":8},"end":{"line":16,"column":124}},"11":{"start":{"line":16,"column":42},"end":{"line":16,"column":124}},"12":{"start":{"line":17,"column":8},"end":{"line":17,"column":182}},"13":{"start":{"line":17,"column":88},"end":{"line":17,"column":182}},"14":{"start":{"line":19,"column":29},"end":{"line":19,"column":99}},"15":{"start":{"line":20,"column":8},"end":{"line":20,"column":206}},"16":{"start":{"line":20,"column":26},"end":{"line":20,"column":206}},"17":{"start":{"line":22,"column":25},"end":{"line":22,"column":99}},"18":{"start":{"line":24,"column":8},"end":{"line":24,"column":74}},"19":{"start":{"line":26,"column":21},"end":{"line":26,"column":62}},"20":{"start":{"line":28,"column":8},"end":{"line":28,"column":58}},"21":{"start":{"line":28,"column":18},"end":{"line":28,"column":58}},"22":{"start":{"line":30,"column":8},"end":{"line":30,"column":15}},"23":{"start":{"line":32,"column":8},"end":{"line":34,"column":23}},"24":{"start":{"line":32,"column":24},"end":{"line":32,"column":34}},"25":{"start":{"line":33,"column":13},"end":{"line":34,"column":23}},"26":{"start":{"line":33,"column":40},"end":{"line":33,"column":47}},"27":{"start":{"line":34,"column":13},"end":{"line":34,"column":23}},"28":{"start":{"line":95,"column":0},"end":{"line":108,"column":3}},"29":{"start":{"line":96,"column":4},"end":{"line":107,"column":5}},"30":{"start":{"line":97,"column":8},"end":{"line":98,"column":116}},"31":{"start":{"line":98,"column":12},"end":{"line":98,"column":116}},"32":{"start":{"line":100,"column":8},"end":{"line":103,"column":11}},"33":{"start":{"line":105,"column":8},"end":{"line":105,"column":41}},"34":{"start":{"line":105,"column":24},"end":{"line":105,"column":41}},"35":{"start":{"line":106,"column":8},"end":{"line":106,"column":18}},"36":{"start":{"line":110,"column":0},"end":{"line":114,"column":3}},"37":{"start":{"line":111,"column":4},"end":{"line":113,"column":19}},"38":{"start":{"line":111,"column":44},"end":{"line":111,"column":199}},"39":{"start":{"line":112,"column":9},"end":{"line":113,"column":19}},"40":{"start":{"line":112,"column":47},"end":{"line":112,"column":129}},"41":{"start":{"line":113,"column":9},"end":{"line":113,"column":19}},"42":{"start":{"line":116,"column":0},"end":{"line":116,"column":24}}},"fnMap":{"0":{"name":"(anonymous_0)","decl":{"start":{"line":14,"column":37},"end":{"line":14,"column":38}},"loc":{"start":{"line":14,"column":63},"end":{"line":36,"column":1}},"line":14},"1":{"name":"(anonymous_1)","decl":{"start":{"line":95,"column":75},"end":{"line":95,"column":76}},"loc":{"start":{"line":95,"column":95},"end":{"line":108,"column":1}},"line":95},"2":{"name":"(anonymous_2)","decl":{"start":{"line":110,"column":37},"end":{"line":110,"column":38}},"loc":{"start":{"line":110,"column":62},"end":{"line":114,"column":1}},"line":110}},"branchMap":{"0":{"loc":{"start":{"line":16,"column":8},"end":{"line":16,"column":124}},"type":"if","locations":[{"start":{"line":16,"column":8},"end":{"line":16,"column":124}},{"start":{"line":16,"column":8},"end":{"line":16,"column":124}}],"line":16},"1":{"loc":{"start":{"line":17,"column":8},"end":{"line":17,"column":182}},"type":"if","locations":[{"start":{"line":17,"column":8},"end":{"line":17,"column":182}},{"start":{"line":17,"column":8},"end":{"line":17,"column":182}}],"line":17},"2":{"loc":{"start":{"line":17,"column":12},"end":{"line":17,"column":86}},"type":"binary-expr","locations":[{"start":{"line":17,"column":12},"end":{"line":17,"column":44}},{"start":{"line":17,"column":48},"end":{"line":17,"column":86}}],"line":17},"3":{"loc":{"start":{"line":20,"column":8},"end":{"line":20,"column":206}},"type":"if","locations":[{"start":{"line":20,"column":8},"end":{"line":20,"column":206}},{"start":{"line":20,"column":8},"end":{"line":20,"column":206}}],"line":20},"4":{"loc":{"start":{"line":28,"column":8},"end":{"line":28,"column":58}},"type":"if","locations":[{"start":{"line":28,"column":8},"end":{"line":28,"column":58}},{"start":{"line":28,"column":8},"end":{"line":28,"column":58}}],"line":28},"5":{"loc":{"start":{"line":32,"column":8},"end":{"line":34,"column":23}},"type":"if","locations":[{"start":{"line":32,"column":8},"end":{"line":34,"column":23}},{"start":{"line":32,"column":8},"end":{"line":34,"column":23}}],"line":32},"6":{"loc":{"start":{"line":33,"column":13},"end":{"line":34,"column":23}},"type":"if","locations":[{"start":{"line":33,"column":13},"end":{"line":34,"column":23}},{"start":{"line":33,"column":13},"end":{"line":34,"column":23}}],"line":33},"7":{"loc":{"start":{"line":97,"column":8},"end":{"line":98,"column":116}},"type":"if","locations":[{"start":{"line":97,"column":8},"end":{"line":98,"column":116}},{"start":{"line":97,"column":8},"end":{"line":98,"column":116}}],"line":97},"8":{"loc":{"start":{"line":105,"column":8},"end":{"line":105,"column":41}},"type":"if","locations":[{"start":{"line":105,"column":8},"end":{"line":105,"column":41}},{"start":{"line":105,"column":8},"end":{"line":105,"column":41}}],"line":105},"9":{"loc":{"start":{"line":111,"column":4},"end":{"line":113,"column":19}},"type":"if","locations":[{"start":{"line":111,"column":4},"end":{"line":113,"column":19}},{"start":{"line":111,"column":4},"end":{"line":113,"column":19}}],"line":111},"10":{"loc":{"start":{"line":112,"column":9},"end":{"line":113,"column":19}},"type":"if","locations":[{"start":{"line":112,"column":9},"end":{"line":113,"column":19}},{"start":{"line":112,"column":9},"end":{"line":113,"column":19}}],"line":112}},"s":{"0":4,"1":4,"2":4,"3":4,"4":4,"5":4,"6":4,"7":4,"8":4,"9":0,"10":0,"11":0,"12":0,"13":0,"14":0,"15":0,"16":0,"17":0,"18":0,"19":0,"20":0,"21":0,"22":0,"23":0,"24":0,"25":0,"26":0,"27":0,"28":4,"29":0,"30":0,"31":0,"32":0,"33":0,"34":0,"35":0,"36":4,"37":0,"38":0,"39":0,"40":0,"41":0,"42":4},"f":{"0":0,"1":0,"2":0},"b":{"0":[0,0],"1":[0,0],"2":[0,0],"3":[0,0],"4":[0,0],"5":[0,0],"6":[0,0],"7":[0,0],"8":[0,0],"9":[0,0],"10":[0,0]},"_coverageSchema":"43e27e138ebf9cfc5966b082cf9a028302ed4184","hash":"7e7ce8d2901125070d50c4029e09949bf2735482"}
,"/Users/Julian/stack/Studie/ICT/Jaar2/Blok_4-DWA_Project/feb2019-project-armadillo/postit-server/routes/imageRouter/employeeImgRouter.js": {"path":"/Users/Julian/stack/Studie/ICT/Jaar2/Blok_4-DWA_Project/feb2019-project-armadillo/postit-server/routes/imageRouter/employeeImgRouter.js","statementMap":{"0":{"start":{"line":1,"column":16},"end":{"line":1,"column":34}},"1":{"start":{"line":2,"column":15},"end":{"line":2,"column":31}},"2":{"start":{"line":3,"column":13},"end":{"line":3,"column":28}},"3":{"start":{"line":4,"column":15},"end":{"line":4,"column":32}},"4":{"start":{"line":5,"column":0},"end":{"line":5,"column":16}},"5":{"start":{"line":7,"column":18},"end":{"line":7,"column":51}},"6":{"start":{"line":8,"column":21},"end":{"line":8,"column":58}},"7":{"start":{"line":9,"column":24},"end":{"line":9,"column":64}},"8":{"start":{"line":11,"column":0},"end":{"line":23,"column":3}},"9":{"start":{"line":12,"column":4},"end":{"line":22,"column":5}},"10":{"start":{"line":13,"column":25},"end":{"line":13,"column":88}},"11":{"start":{"line":14,"column":8},"end":{"line":14,"column":53}},"12":{"start":{"line":15,"column":21},"end":{"line":15,"column":62}},"13":{"start":{"line":16,"column":8},"end":{"line":16,"column":58}},"14":{"start":{"line":16,"column":18},"end":{"line":16,"column":58}},"15":{"start":{"line":17,"column":8},"end":{"line":17,"column":15}},"16":{"start":{"line":19,"column":8},"end":{"line":19,"column":34}},"17":{"start":{"line":19,"column":24},"end":{"line":19,"column":34}},"18":{"start":{"line":20,"column":8},"end":{"line":21,"column":23}},"19":{"start":{"line":20,"column":35},"end":{"line":20,"column":42}},"20":{"start":{"line":21,"column":13},"end":{"line":21,"column":23}},"21":{"start":{"line":65,"column":0},"end":{"line":79,"column":3}},"22":{"start":{"line":66,"column":4},"end":{"line":78,"column":5}},"23":{"start":{"line":67,"column":8},"end":{"line":68,"column":167}},"24":{"start":{"line":68,"column":12},"end":{"line":68,"column":167}},"25":{"start":{"line":70,"column":8},"end":{"line":74,"column":11}},"26":{"start":{"line":76,"column":8},"end":{"line":76,"column":41}},"27":{"start":{"line":76,"column":24},"end":{"line":76,"column":41}},"28":{"start":{"line":77,"column":8},"end":{"line":77,"column":18}},"29":{"start":{"line":81,"column":0},"end":{"line":85,"column":3}},"30":{"start":{"line":82,"column":4},"end":{"line":84,"column":19}},"31":{"start":{"line":82,"column":44},"end":{"line":82,"column":199}},"32":{"start":{"line":83,"column":9},"end":{"line":84,"column":19}},"33":{"start":{"line":83,"column":47},"end":{"line":83,"column":129}},"34":{"start":{"line":84,"column":9},"end":{"line":84,"column":19}},"35":{"start":{"line":87,"column":0},"end":{"line":87,"column":24}}},"fnMap":{"0":{"name":"(anonymous_0)","decl":{"start":{"line":11,"column":26},"end":{"line":11,"column":27}},"loc":{"start":{"line":11,"column":52},"end":{"line":23,"column":1}},"line":11},"1":{"name":"(anonymous_1)","decl":{"start":{"line":65,"column":63},"end":{"line":65,"column":64}},"loc":{"start":{"line":65,"column":83},"end":{"line":79,"column":1}},"line":65},"2":{"name":"(anonymous_2)","decl":{"start":{"line":81,"column":26},"end":{"line":81,"column":27}},"loc":{"start":{"line":81,"column":51},"end":{"line":85,"column":1}},"line":81}},"branchMap":{"0":{"loc":{"start":{"line":16,"column":8},"end":{"line":16,"column":58}},"type":"if","locations":[{"start":{"line":16,"column":8},"end":{"line":16,"column":58}},{"start":{"line":16,"column":8},"end":{"line":16,"column":58}}],"line":16},"1":{"loc":{"start":{"line":19,"column":8},"end":{"line":19,"column":34}},"type":"if","locations":[{"start":{"line":19,"column":8},"end":{"line":19,"column":34}},{"start":{"line":19,"column":8},"end":{"line":19,"column":34}}],"line":19},"2":{"loc":{"start":{"line":20,"column":8},"end":{"line":21,"column":23}},"type":"if","locations":[{"start":{"line":20,"column":8},"end":{"line":21,"column":23}},{"start":{"line":20,"column":8},"end":{"line":21,"column":23}}],"line":20},"3":{"loc":{"start":{"line":67,"column":8},"end":{"line":68,"column":167}},"type":"if","locations":[{"start":{"line":67,"column":8},"end":{"line":68,"column":167}},{"start":{"line":67,"column":8},"end":{"line":68,"column":167}}],"line":67},"4":{"loc":{"start":{"line":76,"column":8},"end":{"line":76,"column":41}},"type":"if","locations":[{"start":{"line":76,"column":8},"end":{"line":76,"column":41}},{"start":{"line":76,"column":8},"end":{"line":76,"column":41}}],"line":76},"5":{"loc":{"start":{"line":82,"column":4},"end":{"line":84,"column":19}},"type":"if","locations":[{"start":{"line":82,"column":4},"end":{"line":84,"column":19}},{"start":{"line":82,"column":4},"end":{"line":84,"column":19}}],"line":82},"6":{"loc":{"start":{"line":83,"column":9},"end":{"line":84,"column":19}},"type":"if","locations":[{"start":{"line":83,"column":9},"end":{"line":84,"column":19}},{"start":{"line":83,"column":9},"end":{"line":84,"column":19}}],"line":83}},"s":{"0":4,"1":4,"2":4,"3":4,"4":4,"5":4,"6":4,"7":4,"8":4,"9":0,"10":0,"11":0,"12":0,"13":0,"14":0,"15":0,"16":0,"17":0,"18":0,"19":0,"20":0,"21":4,"22":0,"23":0,"24":0,"25":0,"26":0,"27":0,"28":0,"29":4,"30":0,"31":0,"32":0,"33":0,"34":0,"35":4},"f":{"0":0,"1":0,"2":0},"b":{"0":[0,0],"1":[0,0],"2":[0,0],"3":[0,0],"4":[0,0],"5":[0,0],"6":[0,0]},"_coverageSchema":"43e27e138ebf9cfc5966b082cf9a028302ed4184","hash":"033a0bc29dadaec7ca98f637c933eaaa0e9a66d0"}
,"/Users/Julian/stack/Studie/ICT/Jaar2/Blok_4-DWA_Project/feb2019-project-armadillo/postit-server/service/authenticationService.js": {"path":"/Users/Julian/stack/Studie/ICT/Jaar2/Blok_4-DWA_Project/feb2019-project-armadillo/postit-server/service/authenticationService.js","statementMap":{"0":{"start":{"line":1,"column":18},"end":{"line":1,"column":48}},"1":{"start":{"line":2,"column":14},"end":{"line":2,"column":41}},"2":{"start":{"line":3,"column":15},"end":{"line":3,"column":32}},"3":{"start":{"line":4,"column":14},"end":{"line":4,"column":53}},"4":{"start":{"line":5,"column":17},"end":{"line":5,"column":51}},"5":{"start":{"line":6,"column":25},"end":{"line":6,"column":43}},"6":{"start":{"line":8,"column":0},"end":{"line":22,"column":1}},"7":{"start":{"line":9,"column":2},"end":{"line":9,"column":119}},"8":{"start":{"line":9,"column":32},"end":{"line":9,"column":119}},"9":{"start":{"line":10,"column":17},"end":{"line":10,"column":41}},"10":{"start":{"line":12,"column":2},"end":{"line":12,"column":238}},"11":{"start":{"line":12,"column":103},"end":{"line":12,"column":238}},"12":{"start":{"line":14,"column":2},"end":{"line":14,"column":175}},"13":{"start":{"line":14,"column":62},"end":{"line":14,"column":175}},"14":{"start":{"line":16,"column":19},"end":{"line":16,"column":92}},"15":{"start":{"line":18,"column":2},"end":{"line":18,"column":40}},"16":{"start":{"line":19,"column":2},"end":{"line":19,"column":28}},"17":{"start":{"line":21,"column":2},"end":{"line":21,"column":18}},"18":{"start":{"line":24,"column":0},"end":{"line":27,"column":1}},"19":{"start":{"line":25,"column":19},"end":{"line":25,"column":84}},"20":{"start":{"line":25,"column":59},"end":{"line":25,"column":83}},"21":{"start":{"line":26,"column":2},"end":{"line":26,"column":18}},"22":{"start":{"line":29,"column":0},"end":{"line":37,"column":1}},"23":{"start":{"line":30,"column":2},"end":{"line":30,"column":197}},"24":{"start":{"line":30,"column":74},"end":{"line":30,"column":197}},"25":{"start":{"line":32,"column":17},"end":{"line":32,"column":82}},"26":{"start":{"line":32,"column":57},"end":{"line":32,"column":81}},"27":{"start":{"line":34,"column":2},"end":{"line":34,"column":26}},"28":{"start":{"line":34,"column":14},"end":{"line":34,"column":26}},"29":{"start":{"line":36,"column":2},"end":{"line":36,"column":15}},"30":{"start":{"line":39,"column":0},"end":{"line":54,"column":1}},"31":{"start":{"line":40,"column":17},"end":{"line":40,"column":98}},"32":{"start":{"line":42,"column":2},"end":{"line":42,"column":145}},"33":{"start":{"line":42,"column":125},"end":{"line":42,"column":145}},"34":{"start":{"line":44,"column":19},"end":{"line":46,"column":43}},"35":{"start":{"line":45,"column":16},"end":{"line":46,"column":42}},"36":{"start":{"line":48,"column":2},"end":{"line":48,"column":50}},"37":{"start":{"line":48,"column":30},"end":{"line":48,"column":50}},"38":{"start":{"line":50,"column":2},"end":{"line":50,"column":26}},"39":{"start":{"line":52,"column":2},"end":{"line":52,"column":9}},"40":{"start":{"line":53,"column":2},"end":{"line":53,"column":18}},"41":{"start":{"line":56,"column":0},"end":{"line":63,"column":1}},"42":{"start":{"line":57,"column":2},"end":{"line":62,"column":5}},"43":{"start":{"line":58,"column":4},"end":{"line":61,"column":7}},"44":{"start":{"line":59,"column":6},"end":{"line":59,"column":27}},"45":{"start":{"line":59,"column":15},"end":{"line":59,"column":27}},"46":{"start":{"line":60,"column":6},"end":{"line":60,"column":35}},"47":{"start":{"line":65,"column":0},"end":{"line":74,"column":1}},"48":{"start":{"line":66,"column":2},"end":{"line":73,"column":3}},"49":{"start":{"line":67,"column":4},"end":{"line":69,"column":5}},"50":{"start":{"line":68,"column":6},"end":{"line":68,"column":58}},"51":{"start":{"line":70,"column":4},"end":{"line":70,"column":11}},"52":{"start":{"line":72,"column":4},"end":{"line":72,"column":84}}},"fnMap":{"0":{"name":"(anonymous_0)","decl":{"start":{"line":8,"column":36},"end":{"line":8,"column":37}},"loc":{"start":{"line":8,"column":128},"end":{"line":22,"column":1}},"line":8},"1":{"name":"(anonymous_1)","decl":{"start":{"line":24,"column":38},"end":{"line":24,"column":39}},"loc":{"start":{"line":24,"column":63},"end":{"line":27,"column":1}},"line":24},"2":{"name":"(anonymous_2)","decl":{"start":{"line":25,"column":47},"end":{"line":25,"column":48}},"loc":{"start":{"line":25,"column":59},"end":{"line":25,"column":83}},"line":25},"3":{"name":"(anonymous_3)","decl":{"start":{"line":29,"column":40},"end":{"line":29,"column":41}},"loc":{"start":{"line":29,"column":65},"end":{"line":37,"column":1}},"line":29},"4":{"name":"(anonymous_4)","decl":{"start":{"line":32,"column":45},"end":{"line":32,"column":46}},"loc":{"start":{"line":32,"column":57},"end":{"line":32,"column":81}},"line":32},"5":{"name":"(anonymous_5)","decl":{"start":{"line":39,"column":38},"end":{"line":39,"column":39}},"loc":{"start":{"line":39,"column":72},"end":{"line":54,"column":1}},"line":39},"6":{"name":"(anonymous_6)","decl":{"start":{"line":45,"column":4},"end":{"line":45,"column":5}},"loc":{"start":{"line":45,"column":16},"end":{"line":46,"column":42}},"line":45},"7":{"name":"(anonymous_7)","decl":{"start":{"line":56,"column":31},"end":{"line":56,"column":32}},"loc":{"start":{"line":56,"column":37},"end":{"line":63,"column":1}},"line":56},"8":{"name":"(anonymous_8)","decl":{"start":{"line":57,"column":21},"end":{"line":57,"column":22}},"loc":{"start":{"line":57,"column":42},"end":{"line":62,"column":3}},"line":57},"9":{"name":"(anonymous_9)","decl":{"start":{"line":58,"column":28},"end":{"line":58,"column":29}},"loc":{"start":{"line":58,"column":42},"end":{"line":61,"column":5}},"line":58},"10":{"name":"(anonymous_10)","decl":{"start":{"line":65,"column":31},"end":{"line":65,"column":32}},"loc":{"start":{"line":65,"column":51},"end":{"line":74,"column":1}},"line":65}},"branchMap":{"0":{"loc":{"start":{"line":8,"column":102},"end":{"line":8,"column":123}},"type":"default-arg","locations":[{"start":{"line":8,"column":109},"end":{"line":8,"column":123}}],"line":8},"1":{"loc":{"start":{"line":9,"column":2},"end":{"line":9,"column":119}},"type":"if","locations":[{"start":{"line":9,"column":2},"end":{"line":9,"column":119}},{"start":{"line":9,"column":2},"end":{"line":9,"column":119}}],"line":9},"2":{"loc":{"start":{"line":12,"column":2},"end":{"line":12,"column":238}},"type":"if","locations":[{"start":{"line":12,"column":2},"end":{"line":12,"column":238}},{"start":{"line":12,"column":2},"end":{"line":12,"column":238}}],"line":12},"3":{"loc":{"start":{"line":12,"column":6},"end":{"line":12,"column":101}},"type":"binary-expr","locations":[{"start":{"line":12,"column":6},"end":{"line":12,"column":48}},{"start":{"line":12,"column":52},"end":{"line":12,"column":101}}],"line":12},"4":{"loc":{"start":{"line":14,"column":2},"end":{"line":14,"column":175}},"type":"if","locations":[{"start":{"line":14,"column":2},"end":{"line":14,"column":175}},{"start":{"line":14,"column":2},"end":{"line":14,"column":175}}],"line":14},"5":{"loc":{"start":{"line":30,"column":2},"end":{"line":30,"column":197}},"type":"if","locations":[{"start":{"line":30,"column":2},"end":{"line":30,"column":197}},{"start":{"line":30,"column":2},"end":{"line":30,"column":197}}],"line":30},"6":{"loc":{"start":{"line":30,"column":6},"end":{"line":30,"column":72}},"type":"binary-expr","locations":[{"start":{"line":30,"column":6},"end":{"line":30,"column":32}},{"start":{"line":30,"column":36},"end":{"line":30,"column":72}}],"line":30},"7":{"loc":{"start":{"line":34,"column":2},"end":{"line":34,"column":26}},"type":"if","locations":[{"start":{"line":34,"column":2},"end":{"line":34,"column":26}},{"start":{"line":34,"column":2},"end":{"line":34,"column":26}}],"line":34},"8":{"loc":{"start":{"line":42,"column":2},"end":{"line":42,"column":145}},"type":"if","locations":[{"start":{"line":42,"column":2},"end":{"line":42,"column":145}},{"start":{"line":42,"column":2},"end":{"line":42,"column":145}}],"line":42},"9":{"loc":{"start":{"line":42,"column":6},"end":{"line":42,"column":123}},"type":"binary-expr","locations":[{"start":{"line":42,"column":6},"end":{"line":42,"column":45}},{"start":{"line":42,"column":49},"end":{"line":42,"column":123}}],"line":42},"10":{"loc":{"start":{"line":45,"column":16},"end":{"line":46,"column":42}},"type":"binary-expr","locations":[{"start":{"line":45,"column":16},"end":{"line":45,"column":101}},{"start":{"line":46,"column":6},"end":{"line":46,"column":42}}],"line":45},"11":{"loc":{"start":{"line":48,"column":2},"end":{"line":48,"column":50}},"type":"if","locations":[{"start":{"line":48,"column":2},"end":{"line":48,"column":50}},{"start":{"line":48,"column":2},"end":{"line":48,"column":50}}],"line":48},"12":{"loc":{"start":{"line":59,"column":6},"end":{"line":59,"column":27}},"type":"if","locations":[{"start":{"line":59,"column":6},"end":{"line":59,"column":27}},{"start":{"line":59,"column":6},"end":{"line":59,"column":27}}],"line":59},"13":{"loc":{"start":{"line":67,"column":4},"end":{"line":69,"column":5}},"type":"if","locations":[{"start":{"line":67,"column":4},"end":{"line":69,"column":5}},{"start":{"line":67,"column":4},"end":{"line":69,"column":5}}],"line":67}},"s":{"0":5,"1":5,"2":5,"3":5,"4":5,"5":5,"6":5,"7":10,"8":2,"9":8,"10":8,"11":2,"12":6,"13":2,"14":4,"15":4,"16":4,"17":4,"18":5,"19":21,"20":21,"21":21,"22":5,"23":8,"24":0,"25":8,"26":8,"27":8,"28":3,"29":5,"30":5,"31":10,"32":10,"33":3,"34":7,"35":7,"36":7,"37":1,"38":6,"39":6,"40":6,"41":5,"42":26,"43":26,"44":26,"45":0,"46":26,"47":5,"48":70,"49":70,"50":39,"51":70,"52":0},"f":{"0":10,"1":21,"2":21,"3":8,"4":8,"5":10,"6":7,"7":26,"8":26,"9":26,"10":70},"b":{"0":[7],"1":[2,8],"2":[2,6],"3":[8,8],"4":[2,4],"5":[0,8],"6":[8,8],"7":[3,5],"8":[3,7],"9":[10,8],"10":[7,7],"11":[1,6],"12":[0,26],"13":[39,31]},"_coverageSchema":"43e27e138ebf9cfc5966b082cf9a028302ed4184","hash":"f779a77c564177cb73ec1988789ae69301ae8026"}
,"/Users/Julian/stack/Studie/ICT/Jaar2/Blok_4-DWA_Project/feb2019-project-armadillo/postit-server/service/emailService.js": {"path":"/Users/Julian/stack/Studie/ICT/Jaar2/Blok_4-DWA_Project/feb2019-project-armadillo/postit-server/service/emailService.js","statementMap":{"0":{"start":{"line":1,"column":19},"end":{"line":1,"column":40}},"1":{"start":{"line":2,"column":15},"end":{"line":2,"column":32}},"2":{"start":{"line":3,"column":0},"end":{"line":3,"column":16}},"3":{"start":{"line":5,"column":15},"end":{"line":5,"column":50}},"4":{"start":{"line":6,"column":24},"end":{"line":6,"column":61}},"5":{"start":{"line":7,"column":18},"end":{"line":7,"column":49}},"6":{"start":{"line":9,"column":17},"end":{"line":9,"column":54}},"7":{"start":{"line":10,"column":17},"end":{"line":10,"column":46}},"8":{"start":{"line":11,"column":17},"end":{"line":11,"column":64}},"9":{"start":{"line":12,"column":17},"end":{"line":12,"column":61}},"10":{"start":{"line":13,"column":18},"end":{"line":13,"column":67}},"11":{"start":{"line":15,"column":23},"end":{"line":15,"column":66}},"12":{"start":{"line":16,"column":24},"end":{"line":16,"column":59}},"13":{"start":{"line":17,"column":28},"end":{"line":17,"column":72}},"14":{"start":{"line":19,"column":19},"end":{"line":19,"column":22}},"15":{"start":{"line":22,"column":0},"end":{"line":47,"column":2}},"16":{"start":{"line":23,"column":4},"end":{"line":46,"column":5}},"17":{"start":{"line":24,"column":8},"end":{"line":24,"column":111}},"18":{"start":{"line":25,"column":8},"end":{"line":36,"column":11}},"19":{"start":{"line":37,"column":8},"end":{"line":37,"column":47}},"20":{"start":{"line":39,"column":8},"end":{"line":39,"column":51}},"21":{"start":{"line":41,"column":8},"end":{"line":41,"column":35}},"22":{"start":{"line":43,"column":8},"end":{"line":43,"column":50}},"23":{"start":{"line":45,"column":8},"end":{"line":45,"column":63}},"24":{"start":{"line":49,"column":0},"end":{"line":76,"column":1}},"25":{"start":{"line":50,"column":4},"end":{"line":75,"column":5}},"26":{"start":{"line":51,"column":8},"end":{"line":51,"column":52}},"27":{"start":{"line":53,"column":22},"end":{"line":53,"column":92}},"28":{"start":{"line":54,"column":23},"end":{"line":61,"column":9}},"29":{"start":{"line":62,"column":8},"end":{"line":64,"column":11}},"30":{"start":{"line":63,"column":12},"end":{"line":63,
[...]
,"/Users/Julian/stack/Studie/ICT/Jaar2/Blok_4-DWA_Project/feb2019-project-armadillo/postit-server/service/notificationService.js": {"path":"/Users/Julian/stack/Studie/ICT/Jaar2/Blok_4-DWA_Project/feb2019-project-armadillo/postit-server/service/notificationService.js","statementMap":{"0":{"start":{"line":1,"column":16},"end":{"line":1,"column":35}},"1":{"start":{"line":2,"column":15},"end":{"line":2,"column":32}},"2":{"start":{"line":3,"column":0},"end":{"line":3,"column":16}},"3":{"start":{"line":5,"column":0},"end":{"line":9,"column":2}},"4":{"start":{"line":11,"column":0},"end":{"line":25,"column":2}},"5":{"start":{"line":12,"column":4},"end":{"line":23,"column":5}},"6":{"start":{"line":12,"column":16},"end":{"line":12,"column":53}},"7":{"start":{"line":13,"column":29},"end":{"line":13,"column":58}},"8":{"start":{"line":14,"column":8},"end":{"line":22,"column":9}},"9":{"start":{"line":15,"column":12},"end":{"line":15,"column":78}},"10":{"start":{"line":17,"column":12},"end":{"line":21,"column":13}},"11":{"start":{"line":18,"column":16},"end":{"line":18,"column":56}},"12":{"start":{"line":20,"column":16},"end":{"line":20,"column":26}},"13":{"start":{"line":24,"column":4},"end":{"line":24,"column":30}}},"fnMap":{"0":{"name":"(anonymous_0)","decl":{"start":{"line":11,"column":34},"end":{"line":11,"column":35}},"loc":{"start":{"line":11,"column":64},"end":{"line":25,"column":1}},"line":11}},"branchMap":{"0":{"loc":{"start":{"line":6,"column":4},"end":{"line":6,"column":35}},"type":"binary-expr","locations":[{"start":{"line":6,"column":4},"end":{"line":6,"column":29}},{"start":{"line":6,"column":33},"end":{"line":6,"column":35}}],"line":6},"1":{"loc":{"start":{"line":7,"column":4},"end":{"line":7,"column":38}},"type":"binary-expr","locations":[{"start":{"line":7,"column":4},"end":{"line":7,"column":32}},{"start":{"line":7,"column":36},"end":{"line":7,"column":38}}],"line":7},"2":{"loc":{"start":{"line":8,"column":4},"end":{"line":8,"column":39}},"type":"binary-expr","locations":[{"start":{"line":8,"column":4},"end":{"line":8,"column":33}},{"start":{"line":8,"column":37},"end":{"line":8,"column":39}}],"line":8},"3":{"loc":{"start":{"line":17,"column":12},"end":{"line":21,"column":13}},"type":"if","locations":[{"start":{"line":17,"column":12},"end":{"line":21,"column":13}},{"start":{"line":17,"column":12},"end":{"line":21,"column":13}}],"line":17},"4":{"loc":{"start":{"line":17,"column":16},"end":{"line":17,"column":64}},"type":"binary-expr","locations":[{"start":{"line":17,"column":16},"end":{"line":17,"column":38}},{"start":{"line":17,"column":42},"end":{"line":17,"column":64}}],"line":17}},"s":{"0":4,"1":4,"2":4,"3":4,"4":4,"5":3,"6":3,"7":0,"8":0,"9":0,"10":0,"11":0,"12":0,"13":3},"f":{"0":3},"b":{"0":[4,0],"1":[4,0],"2":[4,0],"3":[0,0],"4":[0,0]},"_coverageSchema":"43e27e138ebf9cfc5966b082cf9a028302ed4184","hash":"04d78c510e965d0010481c7c27b2fa76d77deb0b"}
,"/Users/Julian/stack/Studie/ICT/Jaar2/Blok_4-DWA_Project/feb2019-project-armadillo/postit-server/service/organisationService.js": {"path":"/Users/Julian/stack/Studie/ICT/Jaar2/Blok_4-DWA_Project/feb2019-project-armadillo/postit-server/service/organisationService.js","statementMap":{"0":{"start":{"line":1,"column":13},"end":{"line":1,"column":28}},"1":{"start":{"line":3,"column":24},"end":{"line":3,"column":61}},"2":{"start":{"line":4,"column":18},"end":{"line":4,"column":48}},"3":{"start":{"line":5,"column":21},"end":{"line":5,"column":53}},"4":{"start":{"line":7,"column":0},"end":{"line":15,"column":1}},"5":{"start":{"line":8,"column":25},"end":{"line":8,"column":84}},"6":{"start":{"line":10,"column":4},"end":{"line":10,"column":142}},"7":{"start":{"line":10,"column":22},"end":{"line":10,"column":142}},"8":{"start":{"line":12,"column":19},"end":{"line":12,"column":101}},"9":{"start":{"line":14,"column":4},"end":{"line":14,"column":18}},"10":{"start":{"line":17,"column":0},"end":{"line":24,"column":1}},"11":{"start":{"line":18,"column":4},"end":{"line":23,"column":5}},"12":{"start":{"line":19,"column":8},"end":{"line":19,"column":116}},"13":{"start":{"line":19,"column":30},"end":{"line":19,"column":116}},"14":{"start":{"line":20,"column":8},"end":{"line":20,"column":20}},"15":{"start":{"line":22,"column":8},"end":{"line":22,"column":138}}},"fnMap":{"0":{"name":"(anonymous_0)","decl":{"start":{"line":7,"column":36},"end":{"line":7,"column":37}},"loc":{"start":{"line":7,"column":108},"end":{"line":15,"column":1}},"line":7},"1":{"name":"(anonymous_1)","decl":{"start":{"line":17,"column":30},"end":{"line":17,"column":31}},"loc":{"start":{"line":17,"column":51},"end":{"line":24,"column":1}},"line":17}},"branchMap":{"0":{"loc":{"start":{"line":10,"column":4},"end":{"line":10,"column":142}},"type":"if","locations":[{"start":{"line":10,"column":4},"end":{"line":10,"column":142}},{"start":{"line":10,"column":4},"end":{"line":10,"column":142}}],"line":10}},"s":{"0":5,"1":5,"2":5,"3":5,"4":5,"5":6,"6":6,"7":2,"8":4,"9":4,"10":5,"11":6,"12":6,"13":11,"14":5,"15":1},"f":{"0":6,"1":6},"b":{"0":[2,4]},"_coverageSchema":"43e27e138ebf9cfc5966b082cf9a028302ed4184","hash":"d85c02d10b5d130b1683573af055bd945e5ea5d1"}
,"/Users/Julian/stack/Studie/ICT/Jaar2/Blok_4-DWA_Project/feb2019-project-armadillo/postit-server/service/paramValidityService.js": {"path":"/Users/Julian/stack/Studie/ICT/Jaar2/Blok_4-DWA_Project/feb2019-project-armadillo/postit-server/service/paramValidityService.js","statementMap":{"0":{"start":{"line":1,"column":18},"end":{"line":1,"column":48}},"1":{"start":{"line":2,"column":21},"end":{"line":2,"column":53}},"2":{"start":{"line":3,"column":14},"end":{"line":3,"column":41}},"3":{"start":{"line":5,"column":0},"end":{"line":12,"column":1}},"4":{"start":{"line":6,"column":4},"end":{"line":6,"column":98}},"5":{"start":{"line":6,"column":36},"end":{"line":6,"column":98}},"6":{"start":{"line":8,"column":4},"end":{"line":11,"column":5}},"7":{"start":{"line":9,"column":8},"end":{"line":9,"column":152}},"8":{"start":{"line":9,"column":33},"end":{"line":9,"column":152}},"9":{"start":{"line":10,"column":8},"end":{"line":10,"column":188}},"10":{"start":{"line":10,"column":88},"end":{"line":10,"column":188}},"11":{"start":{"line":14,"column":0},"end":{"line":23,"column":1}},"12":{"start":{"line":15,"column":25},"end":{"line":15,"column":95}},"13":{"start":{"line":17,"column":4},"end":{"line":17,"column":134}},"14":{"start":{"line":17,"column":61},"end":{"line":17,"column":134}},"15":{"start":{"line":19,"column":4},"end":{"line":19,"column":36}},"16":{"start":{"line":21,"column":4},"end":{"line":21,"column":11}},"17":{"start":{"line":22,"column":4},"end":{"line":22,"column":24}},"18":{"start":{"line":25,"column":0},"end":{"line":36,"column":1}},"19":{"start":{"line":26,"column":4},"end":{"line":26,"column":148}},"20":{"start":{"line":26,"column":45},"end":{"line":26,"column":148}},"21":{"start":{"line":28,"column":21},"end":{"line":28,"column":101}},"22":{"start":{"line":28,"column":65},"end":{"line":28,"column":100}},"23":{"start":{"line":30,"column":4},"end":{"line":30,"column":153}},"24":{"start":{"line":30,"column":53},"end":{"line":30,"column":153}},"25":{"start":{"line":32,"column":4},"end":{"line":32,"column":28}},"26":{"start":{"line":34,"column":4},"end":{"line":34,"column":11}},"27":{"start":{"line":35,"column":4},"end":{"line":35,"column":20}}},"fnMap":{"0":{"name":"(anonymous_0)","decl":{"start":{"line":5,"column":41},"end":{"line":5,"column":42}},"loc":{"start":{"line":5,"column":51},"end":{"line":12,"column":1}},"line":5},"1":{"name":"(anonymous_1)","decl":{"start":{"line":14,"column":35},"end":{"line":14,"column":36}},"loc":{"start":{"line":14,"column":61},"end":{"line":23,"column":1}},"line":14},"2":{"name":"(anonymous_2)","decl":{"start":{"line":25,"column":28},"end":{"line":25,"column":29}},"loc":{"start":{"line":25,"column":54},"end":{"line":36,"column":1}},"line":25},"3":{"name":"(anonymous_3)","decl":{"start":{"line":28,"column":53},"end":{"line":28,"column":54}},"loc":{"start":{"line":28,"column":65},"end":{"line":28,"column":100}},"line":28}},"branchMap":{"0":{"loc":{"start":{"line":6,"column":4},"end":{"line":6,"column":98}},"type":"if","locations":[{"start":{"line":6,"column":4},"end":{"line":6,"column":98}},{"start":{"line":6,"column":4},"end":{"line":6,"column":98}}],"line":6},"1":{"loc":{"start":{"line":9,"column":8},"end":{"line":9,"column":152}},"type":"if","locations":[{"start":{"line":9,"column":8},"end":{"line":9,"column":152}},{"start":{"line":9,"column":8},"end":{"line":9,"column":152}}],"line":9},"2":{"loc":{"start":{"line":10,"column":8},"end":{"line":10,"column":188}},"type":"if","locations":[{"start":{"line":10,"column":8},"end":{"line":10,"column":188}},{"start":{"line":10,"column":8},"end":{"line":10,"column":188}}],"line":10},"3":{"loc":{"start":{"line":10,"column":12},"end":{"line":10,"column":86}},"type":"binary-expr","locations":[{"start":{"line":10,"column":12},"end":{"line":10,"column":37}},{"start":{"line":10,"column":41},"end":{"line":10,"column":53}},{"start":{"line":10,"column":57},"end":{"line":10,"column":86}}],"line":10},"4":{"loc":{"start":{"line":17,"column":4},"end":{"line":17,"column":134}},"type":"if","locations":[{"start":{"line":17,"column":4},"end":{"line":17,"column":134}},{"start":{"line":17,"column":4},"end":{"line":17,"column":134}}],"line":17},"5":{"loc":{"start":{"line":17,"column":8},"end":{"line":17,"column":59}},"type":"binary-expr","locations":[{"start":{"line":17,"column":8},"end":{"line":17,"column":34}},{"start":{"line":17,"column":38},"end":{"line":17,"column":59}}],"line":17},"6":{"loc":{"start":{"line":26,"column":4},"end":{"line":26,"column":148}},"type":"if","locations":[{"start":{"line":26,"column":4},"end":{"line":26,"column":148}},{"start":{"line":26,"column":4},"end":{"line":26,"column":148}}],"line":26},"7":{"loc":{"start":{"line":30,"column":4},"end":{"line":30,"column":153}},"type":"if","locations":[{"start":{"line":30,"column":4},"end":{"line":30,"column":153}},{"start":{"line":30,"column":4},"end":{"line":30,"column":153}}],"line":30},"8":{"loc":{"start":{"line":30,"column":8},"end":{"line":30,"column":51}},"type":"binary-expr","locations":[{"start":{"line":30,"column":8},"end":{"line":30,"column":30}},{"start":{"line":30,"column":34},"end":{"line":30,"column":51}}],"line":30}},"s":{"0":5,"1":5,"2":5,"3":5,"4":42,"5":1,"6":41,"7":102,"8":3,"9":99,"10":2,"11":5,"12":107,"13":107,"14":1,"15":106,"16":106,"17":106,"18":5,"19":24,"20":1,"21":23,"22":23,"23":23,"24":2,"25":21,"26":21,"27":21},"f":{"0":42,"1":107,"2":24,"3":23},"b":{"0":[1,41],"1":[3,99],"2":[2,97],"3":[99,97,97],"4":[1,106],"5":[107,107],"6":[1,23],"7":[2,21],"8":[23,21]},"_coverageSchema":"43e27e138ebf9cfc5966b082cf9a028302ed4184","hash":"49e457c99b77ed8ab503706b1a17a93df316f112"}
,"/Users/Julian/stack/Studie/ICT/Jaar2/Blok_4-DWA_Project/feb2019-project-armadillo/postit-server/testHelpers/testEmployees.js": {"path":"/Users/Julian/stack/Studie/ICT/Jaar2/Blok_4-DWA_Project/feb2019-project-armadillo/postit-server/testHelpers/testEmployees.js","statementMap":{"0":{"start":{"line":1,"column":0},"end":{"line":32,"column":2}}},"fnMap":{},"branchMap":{},"s":{"0":7},"f":{},"b":{},"_coverageSchema":"43e27e138ebf9cfc5966b082cf9a028302ed4184","hash":"445f564d2beb296d054b08ffa834c2e6e77dcd38"}
,"/Users/Julian/stack/Studie/ICT/Jaar2/Blok_4-DWA_Project/feb2019-project-armadillo/postit-server/testHelpers/testIdeas.js": {"path":"/Users/Julian/stack/Studie/ICT/Jaar2/Blok_4-DWA_Project/feb2019-project-armadillo/postit-server/testHelpers/testIdeas.js","statementMap":{"0":{"start":{"line":1,"column":0},"end":{"line":3,"column":1}}},"fnMap":{},"branchMap":{},"s":{"0":2},"f":{},"b":{},"_coverageSchema":"43e27e138ebf9cfc5966b082cf9a028302ed4184","hash":"04272e3dc52e866094f52ebb16bc801fdfae33cd"}
,"/Users/Julian/stack/Studie/ICT/Jaar2/Blok_4-DWA_Project/feb2019-project-armadillo/postit-server/testHelpers/testOrgs.js": {"path":"/Users/Julian/stack/Studie/ICT/Jaar2/Blok_4-DWA_Project/feb2019-project-armadillo/postit-server/testHelpers/testOrgs.js","statementMap":{"0":{"start":{"line":1,"column":0},"end":{"line":5,"column":1}}},"fnMap":{},"branchMap":{},"s":{"0":8},"f":{},"b":{},"_coverageSchema":"43e27e138ebf9cfc5966b082cf9a028302ed4184","hash":"431febd1dcf56d2b228a04720b2d7c3502d96bcc"}
,"/Users/Julian/stack/Studie/ICT/Jaar2/Blok_4-DWA_Project/feb2019-project-armadillo/postit-server/websocket/websocketEvents.js": {"path":"/Users/Julian/stack/Studie/ICT/Jaar2/Blok_4-DWA_Project/feb2019-project-armadillo/postit-server/websocket/websocketEvents.js","statementMap":{"0":{"start":{"line":1,"column":15},"end":{"line":1,"column":50}},"1":{"start":{"line":11,"column":0},"end":{"line":18,"column":1}},"2":{"start":{"line":12,"column":4},"end":{"line":12,"column":41}},"3":{"start":{"line":13,"column":4},"end":{"line":17,"column":7}},"4":{"start":{"line":14,"column":8},"end":{"line":14,"column":45}},"5":{"start":{"line":15,"column":8},"end":{"line":15,"column":54}},"6":{"start":{"line":16,"column":8},"end":{"line":16,"column":84}},"7":{"start":{"line":27,"column":0},"end":{"line":34,"column":1}},"8":{"start":{"line":28,"column":15},"end":{"line":28,"column":34}},"9":{"start":{"line":29,"column":4},"end":{"line":33,"column":7}},"10":{"start":{"line":29,"column":14},"end":{"line":33,"column":7}},"11":{"start":{"line":30,"column":8},"end":{"line":32,"column":9}},"12":{"start":{"line":31,"column":12},"end":{"line":31,"column":84}},"13":{"start":{"line":42,"column":0},"end":{"line":47,"column":1}},"14":{"start":{"line":43,"column":16},"end":{"line":43,"column":36}},"15":{"start":{"line":44,"column":4},"end":{"line":46,"column":7}},"16":{"start":{"line":45,"column":8},"end":{"line":45,"column":43}},"17":{"start":{"line":54,"column":15},"end":{"line":54,"column":19}},"18":{"start":{"line":55,"column":4},"end":{"line":57,"column":7}},"19":{"start":{"line":56,"column":8},"end":{"line":56,"column":58}},"20":{"start":{"line":56,"column":44},"end":{"line":56,"column":58}},"21":{"start":{"line":58,"column":4},"end":{"line":58,"column":16}},"22":{"start":{"line":66,"column":18},"end":{"line":66,"column":20}},"23":{"start":{"line":67,"column":4},"end":{"line":69,"column":7}},"24":{"start":{"line":68,"column":8},"end":{"line":68,"column":63}},"25":{"start":{"line":68,"column":44},"end":{"line":68,"column":63}},"26":{"start":{"line":70,"column":4},"end":{"line":70,"column":17}}},"fnMap":{"0":{"name":"(anonymous_0)","decl":{"start":{"line":11,"column":24},"end":{"line":11,"column":25}},"loc":{"start":{"line":11,"column":46},"end":{"line":18,"column":1}},"line":11},"1":{"name":"(anonymous_1)","decl":{"start":{"line":13,"column":40},"end":{"line":13,"column":41}},"loc":{"start":{"line":13,"column":60},"end":{"line":17,"column":5}},"line":13},"2":{"name":"(anonymous_2)","decl":{"start":{"line":27,"column":20},"end":{"line":27,"column":21}},"loc":{"start":{"line":27,"column":63},"end":{"line":34,"column":1}},"line":27},"3":{"name":"(anonymous_3)","decl":{"start":{"line":29,"column":46},"end":{"line":29,"column":47}},"loc":{"start":{"line":29,"column":58},"end":{"line":33,"column":5}},"line":29},"4":{"name":"(anonymous_4)","decl":{"start":{"line":42,"column":24},"end":{"line":42,"column":25}},"loc":{"start":{"line":42,"column":51},"end":{"line":47,"column":1}},"line":42},"5":{"name":"(anonymous_5)","decl":{"start":{"line":44,"column":18},"end":{"line":44,"column":19}},"loc":{"start":{"line":44,"column":34},"end":{"line":46,"column":5}},"line":44},"6":{"name":"findClient","decl":{"start":{"line":53,"column":9},"end":{"line":53,"column":19}},"loc":{"start":{"line":53,"column":31},"end":{"line":59,"column":1}},"line":53},"7":{"name":"(anonymous_7)","decl":{"start":{"line":55,"column":36},"end":{"line":55,"column":37}},"loc":{"start":{"line":55,"column":54},"end":{"line":57,"column":5}},"line":55},"8":{"name":"findClients","decl":{"start":{"line":65,"column":9},"end":{"line":65,"column":20}},"loc":{"start":{"line":65,"column":32},"end":{"line":71,"column":1}},"line":65},"9":{"name":"(anonymous_9)","decl":{"start":{"line":67,"column":36},"end":{"line":67,"column":37}},"loc":{"start":{"line":67,"column":54},"end":{"line":69,"column":5}},"line":67}},"branchMap":{"0":{"loc":{"start":{"line":27,"column":21},"end":{"line":27,"column":33}},"type":"default-arg","locations":[{"start":{"line":27,"column":31},"end":{"line":27,"column":33}}],"line":27},"1":{"loc":{"start":{"line":27,"column":44},"end":{"line":27,"column":58}},"type":"default-arg","locations":[{"start":{"line":27,"column":54},"end":{"line":27,"column":58}}],"line":27},"2":{"loc":{"start":{"line":29,"column":4},"end":{"line":33,"column":7}},"type":"if","locations":[{"start":{"line":29,"column":4},"end":{"line":33,"column":7}},{"start":{"line":29,"column":4},"end":{"line":33,"column":7}}],"line":29},"3":{"loc":{"start":{"line":30,"column":8},"end":{"line":32,"column":9}},"type":"if","locations":[{"start":{"line":30,"column":8},"end":{"line":32,"column":9}},{"start":{"line":30,"column":8},"end":{"line":32,"column":9}}],"line":30},"4":{"loc":{"start":{"line":31,"column":12},"end":{"line":31,"column":83}},"type":"cond-expr","locations":[{"start":{"line":31,"column":40},"end":{"line":31,"column":44}},{"start":{"line":31,"column":47},"end":{"line":31,"column":83}}],"line":31},"5":{"loc":{"start":{"line":31,"column":12},"end":{"line":31,"column":37}},"type":"binary-expr","locations":[{"start":{"line":31,"column":12},"end":{"line":31,"column":26}},{"start":{"line":31,"column":30},"end":{"line":31,"column":37}}],"line":31},"6":{"loc":{"start":{"line":42,"column":25},"end":{"line":42,"column":37}},"type":"default-arg","locations":[{"start":{"line":42,"column":35},"end":{"line":42,"column":37}}],"line":42},"7":{"loc":{"start":{"line":56,"column":8},"end":{"line":56,"column":58}},"type":"if","locations":[{"start":{"line":56,"column":8},"end":{"line":56,"column":58}},{"start":{"line":56,"column":8},"end":{"line":56,"column":58}}],"line":56},"8":{"loc":{"start":{"line":68,"column":8},"end":{"line":68,"column":63}},"type":"if","locations":[{"start":{"line":68,"column":8},"end":{"line":68,"column":63}},{"start":{"line":68,"column":8},"end":{"line":68,"column":63}}],"line":68}},"s":{"0":4,"1":4,"2":0,"3":0,"4":0,"5":0,"6":0,"7":4,"8":0,"9":0,"10":0,"11":0,"12":0,"13":4,"14":0,"15":0,"16":0,"17":0,"18":0,"19":0,"20":0,"21":0,"22":0,"23":0,"24":0,"25":0,"26":0},"f":{"0":0,"1":0,"2":0,"3":0,"4":0,"5":0,"6":0,"7":0,"8":0,"9":0},"b":{"0":[0],"1":[0],"2":[0,0],"3":[0,0],"4":[0,0],"5":[0,0],"6":[0],"7":[0,0],"8":[0,0]},"_coverageSchema":"43e27e138ebf9cfc5966b082cf9a028302ed4184","hash":"985484fd940c4a0ed8da2a79b2eb90aa58dcc961"}
}
