TN:
SF:/Users/Julian/stack/Studie/ICT/Jaar2/Blok_4-DWA_Project/feb2019-project-armadillo/postit-server/app.js
FN:11,initApp
FN:35,(anonymous_1)
FN:45,(anonymous_2)
FN:55,(anonymous_3)
FN:65,(anonymous_4)
FNF:5
FNH:2
FNDA:4,initApp
FNDA:0,(anonymous_1)
FNDA:0,(anonymous_2)
FNDA:0,(anonymous_3)
FNDA:22,(anonymous_4)
DA:1,4
DA:2,4
DA:3,4
DA:5,4
DA:6,4
DA:7,4
DA:8,4
DA:9,4
DA:12,4
DA:13,4
DA:15,4
DA:17,4
DA:19,4
DA:21,4
DA:23,4
DA:24,4
DA:26,4
DA:27,4
DA:29,4
DA:30,4
DA:31,4
DA:33,4
DA:35,4
DA:36,0
DA:38,0
DA:39,0
DA:41,0
DA:45,4
DA:46,0
DA:48,0
DA:49,0
DA:51,0
DA:55,4
DA:56,0
DA:58,0
DA:59,0
DA:61,0
DA:65,4
DA:66,22
DA:72,0
DA:73,0
DA:77,4
DA:80,4
LF:43
LH:29
BRDA:38,0,0,0
BRDA:38,0,1,0
BRDA:48,1,0,0
BRDA:48,1,1,0
BRDA:58,2,0,0
BRDA:58,2,1,0
BRDA:66,3,0,22
BRDA:66,3,1,0
BRDA:68,4,0,3
BRDA:68,4,1,19
BRDA:69,5,0,2
BRDA:69,5,1,20
BRF:12
BRH:5
end_of_record
TN:
SF:/Users/Julian/stack/Studie/ICT/Jaar2/Blok_4-DWA_Project/feb2019-project-armadillo/postit-server/errors/httpError.js
FN:2,(anonymous_0)
FNF:1
FNH:1
FNDA:42,(anonymous_0)
DA:1,8
DA:3,42
DA:4,42
DA:5,42
LF:4
LH:4
BRDA:2,0,0,0
BRF:1
BRH:0
end_of_record
TN:
SF:/Users/Julian/stack/Studie/ICT/Jaar2/Blok_4-DWA_Project/feb2019-project-armadillo/postit-server/helpers/definitions.js
FNF:0
FNH:0
DA:1,5
DA:6,5
LF:2
LH:2
BRF:0
BRH:0
end_of_record
TN:
SF:/Users/Julian/stack/Studie/ICT/Jaar2/Blok_4-DWA_Project/feb2019-project-armadillo/postit-server/helpers/functions.js
FN:1,(anonymous_0)
FNF:1
FNH:0
FNDA:0,(anonymous_0)
DA:1,4
DA:2,0
LF:2
LH:1
BRF:0
BRH:0
end_of_record
TN:
SF:/Users/Julian/stack/Studie/ICT/Jaar2/Blok_4-DWA_Project/feb2019-project-armadillo/postit-server/helpers/postit-logger.js
FN:10,(anonymous_0)
FN:14,(anonymous_1)
FN:18,(anonymous_2)
FN:22,(anonymous_3)
FN:28,renderLoggingMessage
FNF:5
FNH:0
FNDA:0,(anonymous_0)
FNDA:0,(anonymous_1)
FNDA:0,(anonymous_2)
FNDA:0,(anonymous_3)
FNDA:0,renderLoggingMessage
DA:1,10
DA:3,10
DA:4,10
DA:5,10
DA:6,10
DA:7,10
DA:8,10
DA:10,10
DA:11,0
DA:14,10
DA:15,0
DA:18,10
DA:19,0
DA:22,10
DA:23,0
DA:26,10
DA:29,0
DA:30,0
LF:18
LH:12
BRF:0
BRH:0
end_of_record
TN:
SF:/Users/Julian/stack/Studie/ICT/Jaar2/Blok_4-DWA_Project/feb2019-project-armadillo/postit-server/helpers/promiseWrappers.js
FN:3,(anonymous_0)
FN:4,(anonymous_1)
FN:5,(anonymous_2)
FN:12,(anonymous_3)
FN:13,(anonymous_4)
FN:14,(anonymous_5)
FNF:6
FNH:3
FNDA:11,(anonymous_0)
FNDA:11,(anonymous_1)
FNDA:11,(anonymous_2)
FNDA:0,(anonymous_3)
FNDA:0,(anonymous_4)
FNDA:0,(anonymous_5)
DA:1,9
DA:3,9
DA:4,11
DA:5,11
DA:6,11
DA:7,11
DA:12,9
DA:13,0
DA:14,0
DA:15,0
DA:16,0
LF:11
LH:7
BRDA:6,0,0,1
BRDA:6,0,1,10
BRDA:15,1,0,0
BRDA:15,1,1,0
BRF:4
BRH:2
end_of_record
TN:
SF:/Users/Julian/stack/Studie/ICT/Jaar2/Blok_4-DWA_Project/feb2019-project-armadillo/postit-server/helpers/regex.js
FNF:0
FNH:0
DA:1,7
LF:1
LH:1
BRF:0
BRH:0
end_of_record
TN:
SF:/Users/Julian/stack/Studie/ICT/Jaar2/Blok_4-DWA_Project/feb2019-project-armadillo/postit-server/model/comment.js
FNF:0
FNH:0
DA:1,8
DA:2,8
DA:4,8
DA:39,8
DA:40,8
LF:5
LH:5
BRF:0
BRH:0
end_of_record
TN:
SF:/Users/Julian/stack/Studie/ICT/Jaar2/Blok_4-DWA_Project/feb2019-project-armadillo/postit-server/model/employee.js
FNF:0
FNH:0
DA:1,7
DA:3,7
DA:5,7
DA:41,7
DA:42,7
LF:5
LH:5
BRF:0
BRH:0
end_of_record
TN:
SF:/Users/Julian/stack/Studie/ICT/Jaar2/Blok_4-DWA_Project/feb2019-project-armadillo/postit-server/model/idea.js
FNF:0
FNH:0
DA:1,8
DA:2,8
DA:4,8
DA:6,8
DA:49,8
DA:50,8
LF:6
LH:6
BRF:0
BRH:0
end_of_record
TN:
SF:/Users/Julian/stack/Studie/ICT/Jaar2/Blok_4-DWA_Project/feb2019-project-armadillo/postit-server/model/organisation.js
FN:44,(anonymous_0)
FNF:1
FNH:1
FNDA:153,(anonymous_0)
DA:1,7
DA:3,7
DA:4,7
DA:6,7
DA:44,7
DA:45,153
DA:48,7
LF:7
LH:7
BRF:0
BRH:0
end_of_record
TN:
SF:/Users/Julian/stack/Studie/ICT/Jaar2/Blok_4-DWA_Project/feb2019-project-armadillo/postit-server/routes/addOrganisationRouter.js
FN:81,(anonymous_0)
FNF:1
FNH:1
FNDA:7,(anonymous_0)
DA:1,4
DA:2,4
DA:4,4
DA:5,4
DA:6,4
DA:7,4
DA:8,4
DA:9,4
DA:10,4
DA:11,4
DA:81,4
DA:82,7
DA:84,7
DA:85,7
DA:86,7
DA:87,6
DA:89,4
DA:91,4
DA:93,3
DA:94,3
DA:96,1
DA:98,1
DA:106,1
DA:108,6
DA:112,4
DA:114,4
LF:26
LH:26
BRDA:86,0,0,1
BRDA:86,0,1,6
BRDA:87,1,0,2
BRDA:87,1,1,4
BRF:4
BRH:4
end_of_record
TN:
SF:/Users/Julian/stack/Studie/ICT/Jaar2/Blok_4-DWA_Project/feb2019-project-armadillo/postit-server/routes/adminRouter.js
FN:4,(anonymous_0)
FNF:1
FNH:0
FNDA:0,(anonymous_0)
DA:1,4
DA:2,4
DA:4,4
DA:5,0
DA:8,4
LF:5
LH:4
BRF:0
BRH:0
end_of_record
TN:
SF:/Users/Julian/stack/Studie/ICT/Jaar2/Blok_4-DWA_Project/feb2019-project-armadillo/postit-server/routes/authRouter.js
FN:61,(anonymous_0)
FN:112,(anonymous_1)
FN:117,(anonymous_2)
FN:156,(anonymous_3)
FN:205,(anonymous_4)
FN:269,(anonymous_5)
FN:299,(anonymous_6)
FNF:7
FNH:6
FNDA:6,(anonymous_0)
FNDA:3,(anonymous_1)
FNDA:3,(anonymous_2)
FNDA:1,(anonymous_3)
FNDA:20,(anonymous_4)
FNDA:0,(anonymous_5)
FNDA:20,(anonymous_6)
DA:1,4
DA:2,4
DA:4,4
DA:5,4
DA:6,4
DA:7,4
DA:8,4
DA:9,4
DA:61,4
DA:62,6
DA:64,6
DA:65,6
DA:67,3
DA:68,3
DA:70,2
DA:74,2
DA:76,4
DA:77,0
DA:112,4
DA:113,3
DA:114,3
DA:116,3
DA:117,3
DA:118,3
DA:120,1
DA:131,2
DA:132,2
DA:133,2
DA:134,0
DA:156,4
DA:157,1
DA:158,1
DA:159,1
DA:161,0
DA:162,0
DA:205,4
DA:206,20
DA:208,20
DA:209,20
DA:211,20
DA:213,20
DA:215,19
DA:216,19
DA:218,19
DA:219,19
DA:221,19
DA:232,1
DA:233,1
DA:241,4
DA:269,4
DA:271,0
DA:272,0
DA:274,0
DA:299,4
DA:300,20
DA:301,20
DA:303,20
DA:304,20
DA:306,20
DA:309,20
DA:311,0
DA:315,4
LF:62
LH:54
BRDA:76,0,0,4
BRDA:76,0,1,0
BRDA:113,1,0,3
BRDA:113,1,1,0
BRDA:118,2,0,2
BRDA:118,2,1,1
BRDA:133,3,0,2
BRDA:133,3,1,0
BRDA:161,4,0,0
BRDA:161,4,1,0
BRDA:213,5,0,1
BRDA:213,5,1,19
BRDA:218,6,0,19
BRDA:218,6,1,0
BRF:14
BRH:8
end_of_record
TN:
SF:/Users/Julian/stack/Studie/ICT/Jaar2/Blok_4-DWA_Project/feb2019-project-armadillo/postit-server/routes/employeeRouter.js
FN:61,(anonymous_0)
FN:66,(anonymous_1)
FN:121,(anonymous_2)
FN:189,(anonymous_3)
FNF:4
FNH:2
FNDA:0,(anonymous_0)
FNDA:0,(anonymous_1)
FNDA:1,(anonymous_2)
FNDA:2,(anonymous_3)
DA:1,4
DA:2,4
DA:3,4
DA:4,4
DA:6,4
DA:7,4
DA:8,4
DA:9,4
DA:10,4
DA:11,4
DA:12,4
DA:13,4
DA:61,4
DA:62,0
DA:63,0
DA:64,0
DA:66,0
DA:67,0
DA:69,0
DA:70,0
DA:71,0
DA:72,0
DA:74,0
DA:76,0
DA:78,0
DA:79,0
DA:81,0
DA:121,4
DA:122,1
DA:124,1
DA:125,1
DA:127,1
DA:136,1
DA:137,1
DA:138,1
DA:139,1
DA:140,1
DA:148,0
DA:152,4
DA:189,4
DA:190,2
DA:191,2
DA:192,2
DA:194,2
DA:202,2
DA:203,2
DA:204,2
DA:205,2
DA:213,0
DA:217,4
DA:219,4
LF:51
LH:35
BRDA:72,0,0,0
BRDA:72,0,1,0
BRF:2
BRH:0
end_of_record
TN:
SF:/Users/Julian/stack/Studie/ICT/Jaar2/Blok_4-DWA_Project/feb2019-project-armadillo/postit-server/routes/legacyRouter.js
FN:11,(anonymous_0)
FN:19,(anonymous_1)
FN:27,(anonymous_2)
FN:43,(anonymous_3)
FN:48,(anonymous_4)
FNF:5
FNH:0
FNDA:0,(anonymous_0)
FNDA:0,(anonymous_1)
FNDA:0,(anonymous_2)
FNDA:0,(anonymous_3)
FNDA:0,(anonymous_4)
DA:1,4
DA:2,4
DA:3,4
DA:5,4
DA:6,4
DA:7,4
DA:9,4
DA:11,4
DA:12,0
DA:13,0
DA:15,0
DA:19,4
DA:20,0
DA:21,0
DA:23,0
DA:27,4
DA:28,0
DA:29,0
DA:30,0
DA:32,0
DA:33,0
DA:35,0
DA:36,0
DA:39,0
DA:43,4
DA:44,0
DA:45,0
DA:46,0
DA:48,0
DA:50,0
DA:52,0
DA:53,0
DA:55,0
DA:60,4
LF:34
LH:12
BRDA:30,0,0,0
BRDA:30,0,1,0
BRDA:32,1,0,0
BRDA:32,1,1,0
BRDA:46,2,0,0
BRDA:46,2,1,0
BRDA:50,3,0,0
BRDA:50,3,1,0
BRF:8
BRH:0
end_of_record
TN:
SF:/Users/Julian/stack/Studie/ICT/Jaar2/Blok_4-DWA_Project/feb2019-project-armadillo/postit-server/routes/organisationRouter.js
FN:20,(anonymous_0)
FN:21,(anonymous_1)
FN:56,(anonymous_2)
FN:78,(anonymous_3)
FN:84,(anonymous_4)
FNF:5
FNH:3
FNDA:70,(anonymous_0)
FNDA:70,(anonymous_1)
FNDA:0,(anonymous_2)
FNDA:5,(anonymous_3)
FNDA:0,(anonymous_4)
DA:1,4
DA:2,4
DA:4,4
DA:5,4
DA:6,4
DA:7,4
DA:8,4
DA:10,4
DA:11,4
DA:12,4
DA:13,4
DA:18,4
DA:20,70
DA:21,70
DA:56,4
DA:57,0
DA:68,4
DA:73,4
DA:78,5
DA:79,4
DA:84,4
DA:85,4
DA:87,4
LF:23
LH:22
BRF:0
BRH:0
end_of_record
TN:
SF:/Users/Julian/stack/Studie/ICT/Jaar2/Blok_4-DWA_Project/feb2019-project-armadillo/postit-server/routes/sharedRouter.js
FN:58,(anonymous_0)
FN:102,(anonymous_1)
FN:114,(anonymous_2)
FN:160,(anonymous_3)
FN:163,(anonymous_4)
FN:175,(anonymous_5)
FN:226,(anonymous_6)
FN:275,(anonymous_7)
FN:340,(anonymous_8)
FN:344,(anonymous_9)
FNF:10
FNH:8
FNDA:0,(anonymous_0)
FNDA:3,(anonymous_1)
FNDA:0,(anonymous_2)
FNDA:2,(anonymous_3)
FNDA:1,(anonymous_4)
FNDA:1,(anonymous_5)
FNDA:1,(anonymous_6)
FNDA:3,(anonymous_7)
FNDA:3,(anonymous_8)
FNDA:3,(anonymous_9)
DA:1,4
DA:2,4
DA:4,4
DA:5,4
DA:6,4
DA:7,4
DA:58,4
DA:59,0
DA:60,0
DA:102,4
DA:103,3
DA:105,3
DA:106,3
DA:107,2
DA:109,2
DA:110,2
DA:113,2
DA:114,0
DA:116,2
DA:117,0
DA:122,2
DA:123,2
DA:124,2
DA:126,2
DA:127,2
DA:129,1
DA:160,4
DA:161,2
DA:162,2
DA:163,1
DA:165,2
DA:167,1
DA:168,0
DA:170,1
DA:171,1
DA:174,1
DA:175,1
DA:177,1
DA:179,1
DA:180,1
DA:182,1
DA:187,4
DA:226,4
DA:227,1
DA:275,4
DA:276,3
DA:277,3
DA:279,2
DA:280,2
DA:281,2
DA:282,2
DA:284,1
DA:340,4
DA:341,3
DA:343,3
DA:344,3
DA:346,3
DA:348,3
DA:350,2
DA:351,2
DA:352,2
DA:353,2
DA:355,1
DA:360,4
LF:64
LH:59
BRDA:59,0,0,0
BRDA:59,0,1,0
BRDA:106,1,0,1
BRDA:106,1,1,2
BRDA:109,2,0,2
BRDA:109,2,1,0
BRDA:116,3,0,0
BRDA:116,3,1,2
BRDA:165,4,0,1
BRDA:165,4,1,1
BRDA:167,5,0,0
BRDA:167,5,1,1
BRDA:170,6,0,1
BRDA:170,6,1,0
BRDA:277,7,0,1
BRDA:277,7,1,2
BRDA:346,8,0,0
BRDA:346,8,1,3
BRDA:348,9,0,1
BRDA:348,9,1,2
BRF:20
BRH:13
end_of_record
TN:
SF:/Users/Julian/stack/Studie/ICT/Jaar2/Blok_4-DWA_Project/feb2019-project-armadillo/postit-server/routes/imageRouter/addOrganisationImgRouter.js
FN:14,(anonymous_0)
FN:95,(anonymous_1)
FN:110,(anonymous_2)
FNF:3
FNH:0
FNDA:0,(anonymous_0)
FNDA:0,(anonymous_1)
FNDA:0,(anonymous_2)
DA:1,4
DA:2,4
DA:3,4
DA:5,4
DA:6,4
DA:7,4
DA:8,4
DA:9,4
DA:14,4
DA:15,0
DA:16,0
DA:17,0
DA:19,0
DA:20,0
DA:22,0
DA:24,0
DA:26,0
DA:28,0
DA:30,0
DA:32,0
DA:33,0
DA:34,0
DA:95,4
DA:96,0
DA:97,0
DA:98,0
DA:100,0
DA:105,0
DA:106,0
DA:110,4
DA:111,0
DA:112,0
DA:113,0
DA:116,4
LF:34
LH:12
BRDA:16,0,0,0
BRDA:16,0,1,0
BRDA:17,1,0,0
BRDA:17,1,1,0
BRDA:17,2,0,0
BRDA:17,2,1,0
BRDA:20,3,0,0
BRDA:20,3,1,0
BRDA:28,4,0,0
BRDA:28,4,1,0
BRDA:32,5,0,0
BRDA:32,5,1,0
BRDA:33,6,0,0
BRDA:33,6,1,0
BRDA:97,7,0,0
BRDA:97,7,1,0
BRDA:105,8,0,0
BRDA:105,8,1,0
BRDA:111,9,0,0
BRDA:111,9,1,0
BRDA:112,10,0,0
BRDA:112,10,1,0
BRF:22
BRH:0
end_of_record
TN:
SF:/Users/Julian/stack/Studie/ICT/Jaar2/Blok_4-DWA_Project/feb2019-project-armadillo/postit-server/routes/imageRouter/employeeImgRouter.js
FN:11,(anonymous_0)
FN:65,(anonymous_1)
FN:81,(anonymous_2)
FNF:3
FNH:0
FNDA:0,(anonymous_0)
FNDA:0,(anonymous_1)
FNDA:0,(anonymous_2)
DA:1,4
DA:2,4
DA:3,4
DA:4,4
DA:5,4
DA:7,4
DA:8,4
DA:9,4
DA:11,4
DA:12,0
DA:13,0
DA:14,0
DA:15,0
DA:16,0
DA:17,0
DA:19,0
DA:20,0
DA:21,0
DA:65,4
DA:66,0
DA:67,0
DA:68,0
DA:70,0
DA:76,0
DA:77,0
DA:81,4
DA:82,0
DA:83,0
DA:84,0
DA:87,4
LF:30
LH:12
BRDA:16,0,0,0
BRDA:16,0,1,0
BRDA:19,1,0,0
BRDA:19,1,1,0
BRDA:20,2,0,0
BRDA:20,2,1,0
BRDA:67,3,0,0
BRDA:67,3,1,0
BRDA:76,4,0,0
BRDA:76,4,1,0
BRDA:82,5,0,0
BRDA:82,5,1,0
BRDA:83,6,0,0
BRDA:83,6,1,0
BRF:14
BRH:0
end_of_record
TN:
SF:/Users/Julian/stack/Studie/ICT/Jaar2/Blok_4-DWA_Project/feb2019-project-armadillo/postit-server/service/authenticationService.js
FN:8,(anonymous_0)
FN:24,(anonymous_1)
FN:25,(anonymous_2)
FN:29,(anonymous_3)
FN:32,(anonymous_4)
FN:39,(anonymous_5)
FN:45,(anonymous_6)
FN:56,(anonymous_7)
FN:57,(anonymous_8)
FN:58,(anonymous_9)
FN:65,(anonymous_10)
FNF:11
FNH:11
FNDA:10,(anonymous_0)
FNDA:21,(anonymous_1)
FNDA:21,(anonymous_2)
FNDA:8,(anonymous_3)
FNDA:8,(anonymous_4)
FNDA:10,(anonymous_5)
FNDA:7,(anonymous_6)
FNDA:26,(anonymous_7)
FNDA:26,(anonymous_8)
FNDA:26,(anonymous_9)
FNDA:70,(anonymous_10)
DA:1,5
DA:2,5
DA:3,5
DA:4,5
DA:5,5
DA:6,5
DA:8,5
DA:9,10
DA:10,8
DA:12,8
DA:14,6
DA:16,4
DA:18,4
DA:19,4
DA:21,4
DA:24,5
DA:25,21
DA:26,21
DA:29,5
DA:30,8
DA:32,8
DA:34,8
DA:36,5
DA:39,5
DA:40,10
DA:42,10
DA:44,7
DA:45,7
DA:48,7
DA:50,6
DA:52,6
DA:53,6
DA:56,5
DA:57,26
DA:58,26
DA:59,26
DA:60,26
DA:65,5
DA:66,70
DA:67,70
DA:68,39
DA:70,70
DA:72,0
LF:43
LH:42
BRDA:8,0,0,7
BRDA:9,1,0,2
BRDA:9,1,1,8
BRDA:12,2,0,2
BRDA:12,2,1,6
BRDA:12,3,0,8
BRDA:12,3,1,8
BRDA:14,4,0,2
BRDA:14,4,1,4
BRDA:30,5,0,0
BRDA:30,5,1,8
BRDA:30,6,0,8
BRDA:30,6,1,8
BRDA:34,7,0,3
BRDA:34,7,1,5
BRDA:42,8,0,3
BRDA:42,8,1,7
BRDA:42,9,0,10
BRDA:42,9,1,8
BRDA:45,10,0,7
BRDA:45,10,1,7
BRDA:48,11,0,1
BRDA:48,11,1,6
BRDA:59,12,0,0
BRDA:59,12,1,26
BRDA:67,13,0,39
BRDA:67,13,1,31
BRF:27
BRH:25
end_of_record
TN:
SF:/Users/Julian/stack/Studie/ICT/Jaar2/Blok_4-DWA_Project/feb2019-project-armadillo/postit-server/service/emailService.js
FN:22,(anonymous_0)
FN:49,(anonymous_1)
FN:62,(anonymous_2)
FNF:3
FNH:0
FNDA:0,(anonymous_0)
FNDA:0,(anonymous_1)
FNDA:0,(anonymous_2)
DA:1,4
DA:2,4
DA:3,4
DA:5,4
DA:6,4
DA:7,4
DA:9,4
DA:10,4
DA:11,4
DA:12,4
DA:13,4
DA:15,4
DA:16,4
DA:17,4
DA:19,4
DA:22,4
DA:23,0
DA:24,0
DA:25,0
DA:37,0
DA:39,0
DA:41,0
DA:43,0
DA:45,0
DA:49,4
DA:50,0
DA:51,0
DA:53,0
DA:54,0
DA:62,0
DA:63,0
DA:66,0
DA:72,0
DA:74,0
LF:34
LH:17
BRDA:9,0,0,4
BRDA:9,0,1,0
BRDA:10,1,0,4
BRDA:10,1,1,0
BRDA:11,2,0,4
BRDA:11,2,1,0
BRDA:12,3,0,4
BRDA:12,3,1,0
BRDA:13,4,0,4
BRDA:13,4,1,0
BRDA:15,5,0,4
BRDA:15,5,1,0
BRDA:16,6,0,4
BRDA:16,6,1,0
BRDA:17,7,0,4
BRDA:17,7,1,0
BRF:16
BRH:8
end_of_record
TN:
SF:/Users/Julian/stack/Studie/ICT/Jaar2/Blok_4-DWA_Project/feb2019-project-armadillo/postit-server/service/ideaService.js
FN:4,(anonymous_0)
FN:6,(anonymous_1)
FN:13,(anonymous_2)
FN:14,(anonymous_3)
FN:18,(anonymous_4)
FN:19,(anonymous_5)
FN:27,(anonymous_6)
FNF:7
FNH:4
FNDA:14,(anonymous_0)
FNDA:15,(anonymous_1)
FNDA:8,(anonymous_2)
FNDA:5,(anonymous_3)
FNDA:0,(anonymous_4)
FNDA:0,(anonymous_5)
FNDA:0,(anonymous_6)
DA:1,5
DA:2,5
DA:4,5
DA:5,14
DA:6,15
DA:7,14
DA:9,10
DA:10,10
DA:13,5
DA:14,8
DA:15,8
DA:18,5
DA:19,0
DA:20,0
DA:21,0
DA:22,0
DA:23,0
DA:24,0
DA:27,0
DA:28,0
DA:29,0
DA:30,0
DA:31,0
DA:32,0
DA:36,0
LF:25
LH:12
BRDA:7,0,0,4
BRDA:7,0,1,10
BRDA:15,1,0,5
BRDA:15,1,1,3
BRDA:20,2,0,0
BRDA:20,2,1,0
BRDA:28,3,0,0
BRDA:28,3,1,0
BRF:8
BRH:4
end_of_record
TN:
SF:/Users/Julian/stack/Studie/ICT/Jaar2/Blok_4-DWA_Project/feb2019-project-armadillo/postit-server/service/imageService.js
FN:13,(anonymous_0)
FN:17,(anonymous_1)
FN:28,(anonymous_2)
FN:30,(anonymous_3)
FNF:4
FNH:1
FNDA:0,(anonymous_0)
FNDA:0,(anonymous_1)
FNDA:26,(anonymous_2)
FNDA:0,(anonymous_3)
DA:1,5
DA:2,5
DA:3,5
DA:4,5
DA:6,5
DA:7,5
DA:8,5
DA:10,5
DA:12,5
DA:13,5
DA:15,5
DA:18,0
DA:22,5
DA:28,26
DA:30,5
LF:15
LH:14
BRDA:6,0,0,5
BRDA:6,0,1,0
BRDA:7,1,0,5
BRDA:7,1,1,0
BRDA:8,2,0,5
BRDA:8,2,1,0
BRDA:10,3,0,5
BRDA:10,3,1,0
BRDA:13,4,0,0
BRDA:13,4,1,0
BRDA:28,5,0,3
BRDA:28,5,1,23
BRDA:30,6,0,0
BRDA:30,6,1,0
BRF:14
BRH:6
end_of_record
TN:
SF:/Users/Julian/stack/Studie/ICT/Jaar2/Blok_4-DWA_Project/feb2019-project-armadillo/postit-server/service/legacyService.js
FN:5,(anonymous_0)
FN:12,(anonymous_1)
FN:15,(anonymous_2)
FN:22,(anonymous_3)
FN:25,(anonymous_4)
FN:26,(anonymous_5)
FN:39,(anonymous_6)
FN:42,(anonymous_7)
FN:52,(anonymous_8)
FN:55,renderIdeaForOverview
FN:65,(anonymous_10)
FN:68,renderComments
FN:79,(anonymous_12)
FNF:13
FNH:0
FNDA:0,(anonymous_0)
FNDA:0,(anonymous_1)
FNDA:0,(anonymous_2)
FNDA:0,(anonymous_3)
FNDA:0,(anonymous_4)
FNDA:0,(anonymous_5)
FNDA:0,(anonymous_6)
FNDA:0,(anonymous_7)
FNDA:0,(anonymous_8)
FNDA:0,renderIdeaForOverview
FNDA:0,(anonymous_10)
FNDA:0,renderComments
FNDA:0,(anonymous_12)
DA:1,4
DA:3,4
DA:5,4
DA:6,0
DA:7,0
DA:12,0
DA:15,4
DA:16,0
DA:17,0
DA:22,0
DA:25,4
DA:26,0
DA:27,0
DA:29,0
DA:30,0
DA:35,0
DA:36,0
DA:39,0
DA:42,4
DA:43,0
DA:44,0
DA:52,0
DA:56,0
DA:57,0
DA:65,0
DA:69,0
DA:71,0
DA:72,0
DA:73,0
DA:79,0
DA:81,0
LF:31
LH:6
BRF:0
BRH:0
end_of_record
TN:
SF:/Users/Julian/stack/Studie/ICT/Jaar2/Blok_4-DWA_Project/feb2019-project-armadillo/postit-server/service/notificationService.js
FN:11,(anonymous_0)
FNF:1
FNH:1
FNDA:3,(anonymous_0)
DA:1,4
DA:2,4
DA:3,4
DA:5,4
DA:11,4
DA:12,3
DA:13,0
DA:14,0
DA:15,0
DA:17,0
DA:18,0
DA:20,0
DA:24,3
LF:13
LH:7
BRDA:6,0,0,4
BRDA:6,0,1,0
BRDA:7,1,0,4
BRDA:7,1,1,0
BRDA:8,2,0,4
BRDA:8,2,1,0
BRDA:17,3,0,0
BRDA:17,3,1,0
BRDA:17,4,0,0
BRDA:17,4,1,0
BRF:10
BRH:3
end_of_record
TN:
SF:/Users/Julian/stack/Studie/ICT/Jaar2/Blok_4-DWA_Project/feb2019-project-armadillo/postit-server/service/organisationService.js
FN:7,(anonymous_0)
FN:17,(anonymous_1)
FNF:2
FNH:2
FNDA:6,(anonymous_0)
FNDA:6,(anonymous_1)
DA:1,5
DA:3,5
DA:4,5
DA:5,5
DA:7,5
DA:8,6
DA:10,6
DA:12,4
DA:14,4
DA:17,5
DA:18,6
DA:19,11
DA:20,5
DA:22,1
LF:14
LH:14
BRDA:10,0,0,2
BRDA:10,0,1,4
BRF:2
BRH:2
end_of_record
TN:
SF:/Users/Julian/stack/Studie/ICT/Jaar2/Blok_4-DWA_Project/feb2019-project-armadillo/postit-server/service/paramValidityService.js
FN:5,(anonymous_0)
FN:14,(anonymous_1)
FN:25,(anonymous_2)
FN:28,(anonymous_3)
FNF:4
FNH:4
FNDA:42,(anonymous_0)
FNDA:107,(anonymous_1)
FNDA:24,(anonymous_2)
FNDA:23,(anonymous_3)
DA:1,5
DA:2,5
DA:3,5
DA:5,5
DA:6,42
DA:8,41
DA:9,102
DA:10,99
DA:14,5
DA:15,107
DA:17,107
DA:19,106
DA:21,106
DA:22,106
DA:25,5
DA:26,24
DA:28,23
DA:30,23
DA:32,21
DA:34,21
DA:35,21
LF:21
LH:21
BRDA:6,0,0,1
BRDA:6,0,1,41
BRDA:9,1,0,3
BRDA:9,1,1,99
BRDA:10,2,0,2
BRDA:10,2,1,97
BRDA:10,3,0,99
BRDA:10,3,1,97
BRDA:10,3,2,97
BRDA:17,4,0,1
BRDA:17,4,1,106
BRDA:17,5,0,107
BRDA:17,5,1,107
BRDA:26,6,0,1
BRDA:26,6,1,23
BRDA:30,7,0,2
BRDA:30,7,1,21
BRDA:30,8,0,23
BRDA:30,8,1,21
BRF:19
BRH:19
end_of_record
TN:
SF:/Users/Julian/stack/Studie/ICT/Jaar2/Blok_4-DWA_Project/feb2019-project-armadillo/postit-server/testHelpers/testEmployees.js
FNF:0
FNH:0
DA:1,7
LF:1
LH:1
BRF:0
BRH:0
end_of_record
TN:
SF:/Users/Julian/stack/Studie/ICT/Jaar2/Blok_4-DWA_Project/feb2019-project-armadillo/postit-server/testHelpers/testIdeas.js
FNF:0
FNH:0
DA:1,2
LF:1
LH:1
BRF:0
BRH:0
end_of_record
TN:
SF:/Users/Julian/stack/Studie/ICT/Jaar2/Blok_4-DWA_Project/feb2019-project-armadillo/postit-server/testHelpers/testOrgs.js
FNF:0
FNH:0
DA:1,8
LF:1
LH:1
BRF:0
BRH:0
end_of_record
TN:
SF:/Users/Julian/stack/Studie/ICT/Jaar2/Blok_4-DWA_Project/feb2019-project-armadillo/postit-server/websocket/websocketEvents.js
FN:11,(anonymous_0)
FN:13,(anonymous_1)
FN:27,(anonymous_2)
FN:29,(anonymous_3)
FN:42,(anonymous_4)
FN:44,(anonymous_5)
FN:53,findClient
FN:55,(anonymous_7)
FN:65,findClients
FN:67,(anonymous_9)
FNF:10
FNH:0
FNDA:0,(anonymous_0)
FNDA:0,(anonymous_1)
FNDA:0,(anonymous_2)
FNDA:0,(anonymous_3)
FNDA:0,(anonymous_4)
FNDA:0,(anonymous_5)
FNDA:0,findClient
FNDA:0,(anonymous_7)
FNDA:0,findClients
FNDA:0,(anonymous_9)
DA:1,4
DA:11,4
DA:12,0
DA:13,0
DA:14,0
DA:15,0
DA:16,0
DA:27,4
DA:28,0
DA:29,0
DA:30,0
DA:31,0
DA:42,4
DA:43,0
DA:44,0
DA:45,0
DA:54,0
DA:55,0
DA:56,0
DA:58,0
DA:66,0
DA:67,0
DA:68,0
DA:70,0
LF:24
LH:4
BRDA:27,0,0,0
BRDA:27,1,0,0
BRDA:29,2,0,0
BRDA:29,2,1,0
BRDA:30,3,0,0
BRDA:30,3,1,0
BRDA:31,4,0,0
BRDA:31,4,1,0
BRDA:31,5,0,0
BRDA:31,5,1,0
BRDA:42,6,0,0
BRDA:56,7,0,0
BRDA:56,7,1,0
BRDA:68,8,0,0
BRDA:68,8,1,0
BRF:15
BRH:0
end_of_record
